{"/Users/ziye/HR/SEI/project-catwalk/client/src/App.jsx": {"path":"/Users/ziye/HR/SEI/project-catwalk/client/src/App.jsx","statementMap":{"0":{"start":{"line":15,"column":4},"end":{"line":15,"column":17}},"1":{"start":{"line":16,"column":4},"end":{"line":19,"column":5}},"2":{"start":{"line":20,"column":4},"end":{"line":20,"column":67}},"3":{"start":{"line":24,"column":4},"end":{"line":24,"column":37}},"4":{"start":{"line":27,"column":4},"end":{"line":34,"column":11}}},"fnMap":{"0":{"name":"(anonymous_0)","decl":{"start":{"line":14,"column":2},"end":{"line":14,"column":3}},"loc":{"start":{"line":14,"column":21},"end":{"line":21,"column":3}},"line":14},"1":{"name":"(anonymous_1)","decl":{"start":{"line":23,"column":2},"end":{"line":23,"column":3}},"loc":{"start":{"line":23,"column":26},"end":{"line":25,"column":3}},"line":23},"2":{"name":"(anonymous_2)","decl":{"start":{"line":26,"column":2},"end":{"line":26,"column":3}},"loc":{"start":{"line":26,"column":12},"end":{"line":35,"column":3}},"line":26}},"branchMap":{},"s":{"0":4,"1":4,"2":4,"3":0,"4":4},"f":{"0":4,"1":0,"2":4},"b":{},"_coverageSchema":"1a1c01bbd47fc00a2c39e90264f33305004495a9","hash":"27a7ce75e610aefb21a9e8175a300bc7778a0c5e"}
,"/Users/ziye/HR/SEI/project-catwalk/client/src/components/Overview/OverviewIndex.jsx": {"path":"/Users/ziye/HR/SEI/project-catwalk/client/src/components/Overview/OverviewIndex.jsx","statementMap":{"0":{"start":{"line":11,"column":4},"end":{"line":11,"column":17}},"1":{"start":{"line":12,"column":4},"end":{"line":24,"column":5}},"2":{"start":{"line":28,"column":4},"end":{"line":28,"column":34}},"3":{"start":{"line":29,"column":4},"end":{"line":29,"column":30}},"4":{"start":{"line":33,"column":4},"end":{"line":33,"column":43}},"5":{"start":{"line":34,"column":4},"end":{"line":44,"column":7}},"6":{"start":{"line":36,"column":6},"end":{"line":36,"column":29}},"7":{"start":{"line":37,"column":6},"end":{"line":43,"column":9}},"8":{"start":{"line":48,"column":14},"end":{"line":48,"column":41}},"9":{"start":{"line":49,"column":16},"end":{"line":49,"column":45}},"10":{"start":{"line":50,"column":19},"end":{"line":50,"column":42}},"11":{"start":{"line":51,"column":17},"end":{"line":51,"column":18}},"12":{"start":{"line":52,"column":4},"end":{"line":56,"column":5}},"13":{"start":{"line":52,"column":17},"end":{"line":52,"column":18}},"14":{"start":{"line":53,"column":6},"end":{"line":55,"column":7}},"15":{"start":{"line":54,"column":8},"end":{"line":54,"column":29}},"16":{"start":{"line":57,"column":4},"end":{"line":63,"column":7}},"17":{"start":{"line":68,"column":12},"end":{"line":68,"column":43}},"18":{"start":{"line":69,"column":12},"end":{"line":69,"column":27}},"19":{"start":{"line":70,"column":15},"end":{"line":70,"column":26}},"20":{"start":{"line":71,"column":4},"end":{"line":75,"column":5}},"21":{"start":{"line":72,"column":6},"end":{"line":72,"column":55}},"22":{"start":{"line":74,"column":6},"end":{"line":74,"column":72}},"23":{"start":{"line":79,"column":4},"end":{"line":79,"column":37}},"24":{"start":{"line":84,"column":4},"end":{"line":90,"column":5}},"25":{"start":{"line":85,"column":6},"end":{"line":85,"column":58}},"26":{"start":{"line":86,"column":11},"end":{"line":90,"column":5}},"27":{"start":{"line":87,"column":6},"end":{"line":87,"column":58}},"28":{"start":{"line":89,"column":6},"end":{"line":89,"column":27}},"29":{"start":{"line":98,"column":13},"end":{"line":98,"column":27}},"30":{"start":{"line":99,"column":4},"end":{"line":99,"column":20}},"31":{"start":{"line":100,"column":4},"end":{"line":106,"column":5}},"32":{"start":{"line":101,"column":6},"end":{"line":105,"column":8}},"33":{"start":{"line":102,"column":8},"end":{"line":104,"column":10}},"34":{"start":{"line":103,"column":10},"end":{"line":103,"column":36}},"35":{"start":{"line":111,"column":4},"end":{"line":134,"column":5}},"36":{"start":{"line":138,"column":16},"end":{"line":146,"column":1}}},"fnMap":{"0":{"name":"(anonymous_0)","decl":{"start":{"line":10,"column":2},"end":{"line":10,"column":3}},"loc":{"start":{"line":10,"column":21},"end":{"line":25,"column":3}},"line":10},"1":{"name":"(anonymous_1)","decl":{"start":{"line":27,"column":2},"end":{"line":27,"column":3}},"loc":{"start":{"line":27,"column":22},"end":{"line":30,"column":3}},"line":27},"2":{"name":"(anonymous_2)","decl":{"start":{"line":32,"column":2},"end":{"line":32,"column":3}},"loc":{"start":{"line":32,"column":21},"end":{"line":45,"column":3}},"line":32},"3":{"name":"(anonymous_3)","decl":{"start":{"line":34,"column":38},"end":{"line":34,"column":39}},"loc":{"start":{"line":34,"column":48},"end":{"line":44,"column":5}},"line":34},"4":{"name":"(anonymous_4)","decl":{"start":{"line":47,"column":2},"end":{"line":47,"column":3}},"loc":{"start":{"line":47,"column":24},"end":{"line":64,"column":3}},"line":47},"5":{"name":"(anonymous_5)","decl":{"start":{"line":66,"column":2},"end":{"line":66,"column":3}},"loc":{"start":{"line":66,"column":23},"end":{"line":76,"column":3}},"line":66},"6":{"name":"(anonymous_6)","decl":{"start":{"line":78,"column":2},"end":{"line":78,"column":3}},"loc":{"start":{"line":78,"column":24},"end":{"line":80,"column":3}},"line":78},"7":{"name":"(anonymous_7)","decl":{"start":{"line":82,"column":2},"end":{"line":82,"column":3}},"loc":{"start":{"line":82,"column":34},"end":{"line":91,"column":3}},"line":82},"8":{"name":"(anonymous_8)","decl":{"start":{"line":93,"column":2},"end":{"line":93,"column":3}},"loc":{"start":{"line":93,"column":18},"end":{"line":95,"column":3}},"line":93},"9":{"name":"(anonymous_9)","decl":{"start":{"line":97,"column":2},"end":{"line":97,"column":3}},"loc":{"start":{"line":97,"column":16},"end":{"line":107,"column":3}},"line":97},"10":{"name":"(anonymous_10)","decl":{"start":{"line":101,"column":37},"end":{"line":101,"column":38}},"loc":{"start":{"line":101,"column":47},"end":{"line":105,"column":7}},"line":101},"11":{"name":"(anonymous_11)","decl":{"start":{"line":102,"column":32},"end":{"line":102,"column":33}},"loc":{"start":{"line":102,"column":45},"end":{"line":104,"column":9}},"line":102},"12":{"name":"(anonymous_12)","decl":{"start":{"line":110,"column":2},"end":{"line":110,"column":3}},"loc":{"start":{"line":110,"column":12},"end":{"line":135,"column":3}},"line":110}},"branchMap":{"0":{"loc":{"start":{"line":53,"column":6},"end":{"line":55,"column":7}},"type":"if","locations":[{"start":{"line":53,"column":6},"end":{"line":55,"column":7}},{"start":{},"end":{}}],"line":53},"1":{"loc":{"start":{"line":71,"column":4},"end":{"line":75,"column":5}},"type":"if","locations":[{"start":{"line":71,"column":4},"end":{"line":75,"column":5}},{"start":{"line":73,"column":11},"end":{"line":75,"column":5}}],"line":71},"2":{"loc":{"start":{"line":84,"column":4},"end":{"line":90,"column":5}},"type":"if","locations":[{"start":{"line":84,"column":4},"end":{"line":90,"column":5}},{"start":{"line":86,"column":11},"end":{"line":90,"column":5}}],"line":84},"3":{"loc":{"start":{"line":84,"column":8},"end":{"line":84,"column":60}},"type":"binary-expr","locations":[{"start":{"line":84,"column":8},"end":{"line":84,"column":17}},{"start":{"line":84,"column":21},"end":{"line":84,"column":60}}],"line":84},"4":{"loc":{"start":{"line":86,"column":11},"end":{"line":90,"column":5}},"type":"if","locations":[{"start":{"line":86,"column":11},"end":{"line":90,"column":5}},{"start":{"line":88,"column":11},"end":{"line":90,"column":5}}],"line":86},"5":{"loc":{"start":{"line":86,"column":15},"end":{"line":86,"column":52}},"type":"binary-expr","locations":[{"start":{"line":86,"column":15},"end":{"line":86,"column":25}},{"start":{"line":86,"column":29},"end":{"line":86,"column":52}}],"line":86},"6":{"loc":{"start":{"line":100,"column":4},"end":{"line":106,"column":5}},"type":"if","locations":[{"start":{"line":100,"column":4},"end":{"line":106,"column":5}},{"start":{},"end":{}}],"line":100},"7":{"loc":{"start":{"line":116,"column":14},"end":{"line":116,"column":79}},"type":"binary-expr","locations":[{"start":{"line":116,"column":14},"end":{"line":116,"column":71}},{"start":{"line":116,"column":75},"end":{"line":116,"column":79}}],"line":116}},"s":{"0":0,"1":0,"2":0,"3":0,"4":0,"5":0,"6":0,"7":0,"8":0,"9":0,"10":0,"11":0,"12":0,"13":0,"14":0,"15":0,"16":0,"17":0,"18":0,"19":0,"20":0,"21":0,"22":0,"23":0,"24":0,"25":0,"26":0,"27":0,"28":0,"29":0,"30":0,"31":0,"32":0,"33":0,"34":0,"35":0,"36":1},"f":{"0":0,"1":0,"2":0,"3":0,"4":0,"5":0,"6":0,"7":0,"8":0,"9":0,"10":0,"11":0,"12":0},"b":{"0":[0,0],"1":[0,0],"2":[0,0],"3":[0,0],"4":[0,0],"5":[0,0],"6":[0,0],"7":[0,0]},"_coverageSchema":"1a1c01bbd47fc00a2c39e90264f33305004495a9","hash":"4320bd84e96d4c2f0634658f67ef871e5b798817"}
,"/Users/ziye/HR/SEI/project-catwalk/client/src/components/Overview/components/AddToCart.jsx": {"path":"/Users/ziye/HR/SEI/project-catwalk/client/src/components/Overview/components/AddToCart.jsx","statementMap":{"0":{"start":{"line":6,"column":18},"end":{"line":45,"column":1}},"1":{"start":{"line":14,"column":20},"end":{"line":14,"column":66}},"2":{"start":{"line":15,"column":14},"end":{"line":15,"column":31}},"3":{"start":{"line":16,"column":2},"end":{"line":20,"column":3}},"4":{"start":{"line":17,"column":4},"end":{"line":17,"column":38}},"5":{"start":{"line":18,"column":4},"end":{"line":18,"column":37}},"6":{"start":{"line":22,"column":12},"end":{"line":22,"column":15}},"7":{"start":{"line":23,"column":2},"end":{"line":25,"column":3}},"8":{"start":{"line":23,"column":15},"end":{"line":23,"column":16}},"9":{"start":{"line":24,"column":4},"end":{"line":24,"column":18}},"10":{"start":{"line":27,"column":2},"end":{"line":44,"column":9}},"11":{"start":{"line":30,"column":30},"end":{"line":30,"column":89}},"12":{"start":{"line":34,"column":8},"end":{"line":34,"column":103}},"13":{"start":{"line":38,"column":30},"end":{"line":38,"column":96}},"14":{"start":{"line":40,"column":8},"end":{"line":40,"column":52}}},"fnMap":{"0":{"name":"(anonymous_0)","decl":{"start":{"line":6,"column":18},"end":{"line":6,"column":19}},"loc":{"start":{"line":6,"column":29},"end":{"line":45,"column":1}},"line":6},"1":{"name":"(anonymous_1)","decl":{"start":{"line":30,"column":22},"end":{"line":30,"column":23}},"loc":{"start":{"line":30,"column":29},"end":{"line":30,"column":90}},"line":30},"2":{"name":"(anonymous_2)","decl":{"start":{"line":32,"column":20},"end":{"line":32,"column":21}},"loc":{"start":{"line":32,"column":27},"end":{"line":35,"column":7}},"line":32},"3":{"name":"(anonymous_3)","decl":{"start":{"line":38,"column":22},"end":{"line":38,"column":23}},"loc":{"start":{"line":38,"column":29},"end":{"line":38,"column":97}},"line":38},"4":{"name":"(anonymous_4)","decl":{"start":{"line":39,"column":18},"end":{"line":39,"column":19}},"loc":{"start":{"line":39,"column":25},"end":{"line":41,"column":7}},"line":39}},"branchMap":{"0":{"loc":{"start":{"line":16,"column":2},"end":{"line":20,"column":3}},"type":"if","locations":[{"start":{"line":16,"column":2},"end":{"line":20,"column":3}},{"start":{},"end":{}}],"line":16}},"s":{"0":1,"1":0,"2":0,"3":0,"4":0,"5":0,"6":0,"7":0,"8":0,"9":0,"10":0,"11":0,"12":0,"13":0,"14":0},"f":{"0":0,"1":0,"2":0,"3":0,"4":0},"b":{"0":[0,0]},"_coverageSchema":"1a1c01bbd47fc00a2c39e90264f33305004495a9","hash":"5715c5b17afbbb4dd839fa19c5f221fab53fb212"}
,"/Users/ziye/HR/SEI/project-catwalk/client/src/components/Overview/components/ImageGallery.jsx": {"path":"/Users/ziye/HR/SEI/project-catwalk/client/src/components/Overview/components/ImageGallery.jsx","statementMap":{"0":{"start":{"line":6,"column":21},"end":{"line":29,"column":1}},"1":{"start":{"line":10,"column":2},"end":{"line":28,"column":3}},"2":{"start":{"line":11,"column":4},"end":{"line":11,"column":38}},"3":{"start":{"line":12,"column":6},"end":{"line":17,"column":11}},"4":{"start":{"line":19,"column":4},"end":{"line":19,"column":41}},"5":{"start":{"line":20,"column":4},"end":{"line":27,"column":11}},"6":{"start":{"line":25,"column":33},"end":{"line":25,"column":62}},"7":{"start":{"line":26,"column":33},"end":{"line":26,"column":61}},"8":{"start":{"line":31,"column":14},"end":{"line":38,"column":1}},"9":{"start":{"line":35,"column":35},"end":{"line":35,"column":44}},"10":{"start":{"line":40,"column":16},"end":{"line":47,"column":1}}},"fnMap":{"0":{"name":"(anonymous_0)","decl":{"start":{"line":6,"column":21},"end":{"line":6,"column":22}},"loc":{"start":{"line":6,"column":32},"end":{"line":29,"column":1}},"line":6},"1":{"name":"(anonymous_1)","decl":{"start":{"line":25,"column":25},"end":{"line":25,"column":26}},"loc":{"start":{"line":25,"column":32},"end":{"line":25,"column":63}},"line":25},"2":{"name":"(anonymous_2)","decl":{"start":{"line":26,"column":25},"end":{"line":26,"column":26}},"loc":{"start":{"line":26,"column":32},"end":{"line":26,"column":62}},"line":26},"3":{"name":"(anonymous_3)","decl":{"start":{"line":35,"column":26},"end":{"line":35,"column":27}},"loc":{"start":{"line":35,"column":35},"end":{"line":35,"column":44}},"line":35}},"branchMap":{"0":{"loc":{"start":{"line":10,"column":2},"end":{"line":28,"column":3}},"type":"if","locations":[{"start":{"line":10,"column":2},"end":{"line":28,"column":3}},{"start":{"line":18,"column":9},"end":{"line":28,"column":3}}],"line":10}},"s":{"0":1,"1":0,"2":0,"3":0,"4":0,"5":0,"6":0,"7":0,"8":1,"9":0,"10":1},"f":{"0":0,"1":0,"2":0,"3":0},"b":{"0":[0,0]},"_coverageSchema":"1a1c01bbd47fc00a2c39e90264f33305004495a9","hash":"a88360642ca4be1e219470b993ad7bae7c45f022"}
,"/Users/ziye/HR/SEI/project-catwalk/client/src/components/Overview/components/StyleSelector.jsx": {"path":"/Users/ziye/HR/SEI/project-catwalk/client/src/components/Overview/components/StyleSelector.jsx","statementMap":{"0":{"start":{"line":9,"column":22},"end":{"line":38,"column":1}},"1":{"start":{"line":12,"column":12},"end":{"line":12,"column":14}},"2":{"start":{"line":13,"column":15},"end":{"line":13,"column":19}},"3":{"start":{"line":14,"column":2},"end":{"line":16,"column":3}},"4":{"start":{"line":15,"column":4},"end":{"line":15,"column":53}},"5":{"start":{"line":18,"column":2},"end":{"line":37,"column":9}},"6":{"start":{"line":28,"column":29},"end":{"line":28,"column":47}},"7":{"start":{"line":33,"column":10},"end":{"line":33,"column":24}},"8":{"start":{"line":34,"column":10},"end":{"line":34,"column":103}},"9":{"start":{"line":34,"column":65},"end":{"line":34,"column":86}},"10":{"start":{"line":40,"column":13},"end":{"line":48,"column":1}}},"fnMap":{"0":{"name":"(anonymous_0)","decl":{"start":{"line":9,"column":22},"end":{"line":9,"column":23}},"loc":{"start":{"line":9,"column":33},"end":{"line":38,"column":1}},"line":9},"1":{"name":"(anonymous_1)","decl":{"start":{"line":28,"column":21},"end":{"line":28,"column":22}},"loc":{"start":{"line":28,"column":28},"end":{"line":28,"column":48}},"line":28},"2":{"name":"(anonymous_2)","decl":{"start":{"line":32,"column":27},"end":{"line":32,"column":28}},"loc":{"start":{"line":32,"column":34},"end":{"line":35,"column":7}},"line":32},"3":{"name":"(anonymous_3)","decl":{"start":{"line":34,"column":57},"end":{"line":34,"column":58}},"loc":{"start":{"line":34,"column":64},"end":{"line":34,"column":87}},"line":34}},"branchMap":{"0":{"loc":{"start":{"line":14,"column":2},"end":{"line":16,"column":3}},"type":"if","locations":[{"start":{"line":14,"column":2},"end":{"line":16,"column":3}},{"start":{},"end":{}}],"line":14}},"s":{"0":1,"1":0,"2":0,"3":0,"4":0,"5":0,"6":0,"7":0,"8":0,"9":0,"10":1},"f":{"0":0,"1":0,"2":0,"3":0},"b":{"0":[0,0]},"_coverageSchema":"1a1c01bbd47fc00a2c39e90264f33305004495a9","hash":"c78f1f821a8e1d0e1d0d416586fd2d3032fe300a"}
,"/Users/ziye/HR/SEI/project-catwalk/client/src/components/Q&A/AddQuestion.jsx": {"path":"/Users/ziye/HR/SEI/project-catwalk/client/src/components/Q&A/AddQuestion.jsx","statementMap":{"0":{"start":{"line":6,"column":4},"end":{"line":6,"column":23}},"1":{"start":{"line":7,"column":4},"end":{"line":7,"column":17}},"2":{"start":{"line":8,"column":4},"end":{"line":13,"column":5}},"3":{"start":{"line":14,"column":4},"end":{"line":14,"column":53}},"4":{"start":{"line":15,"column":4},"end":{"line":15,"column":59}},"5":{"start":{"line":19,"column":4},"end":{"line":21,"column":6}},"6":{"start":{"line":25,"column":4},"end":{"line":25,"column":23}},"7":{"start":{"line":27,"column":4},"end":{"line":38,"column":6}},"8":{"start":{"line":34,"column":6},"end":{"line":34,"column":28}},"9":{"start":{"line":37,"column":6},"end":{"line":37,"column":23}},"10":{"start":{"line":46,"column":4},"end":{"line":48,"column":5}},"11":{"start":{"line":47,"column":6},"end":{"line":47,"column":18}},"12":{"start":{"line":49,"column":4},"end":{"line":59,"column":5}}},"fnMap":{"0":{"name":"(anonymous_0)","decl":{"start":{"line":5,"column":2},"end":{"line":5,"column":3}},"loc":{"start":{"line":5,"column":21},"end":{"line":16,"column":3}},"line":5},"1":{"name":"(anonymous_1)","decl":{"start":{"line":18,"column":2},"end":{"line":18,"column":3}},"loc":{"start":{"line":18,"column":18},"end":{"line":22,"column":3}},"line":18},"2":{"name":"(anonymous_2)","decl":{"start":{"line":24,"column":2},"end":{"line":24,"column":3}},"loc":{"start":{"line":24,"column":21},"end":{"line":39,"column":3}},"line":24},"3":{"name":"(anonymous_3)","decl":{"start":{"line":33,"column":10},"end":{"line":33,"column":11}},"loc":{"start":{"line":33,"column":29},"end":{"line":35,"column":5}},"line":33},"4":{"name":"(anonymous_4)","decl":{"start":{"line":36,"column":11},"end":{"line":36,"column":12}},"loc":{"start":{"line":36,"column":20},"end":{"line":38,"column":5}},"line":36},"5":{"name":"(anonymous_5)","decl":{"start":{"line":45,"column":2},"end":{"line":45,"column":3}},"loc":{"start":{"line":45,"column":11},"end":{"line":60,"column":3}},"line":45}},"branchMap":{"0":{"loc":{"start":{"line":46,"column":4},"end":{"line":48,"column":5}},"type":"if","locations":[{"start":{"line":46,"column":4},"end":{"line":48,"column":5}},{"start":{},"end":{}}],"line":46}},"s":{"0":0,"1":0,"2":0,"3":0,"4":0,"5":0,"6":0,"7":0,"8":0,"9":0,"10":0,"11":0,"12":0},"f":{"0":0,"1":0,"2":0,"3":0,"4":0,"5":0},"b":{"0":[0,0]},"_coverageSchema":"1a1c01bbd47fc00a2c39e90264f33305004495a9","hash":"5cd0b8f417c54b0468c3fcc7e781b4a99dcbec49"}
,"/Users/ziye/HR/SEI/project-catwalk/client/src/components/Q&A/Q&AIndex.jsx": {"path":"/Users/ziye/HR/SEI/project-catwalk/client/src/components/Q&A/Q&AIndex.jsx","statementMap":{"0":{"start":{"line":10,"column":4},"end":{"line":10,"column":17}},"1":{"start":{"line":11,"column":4},"end":{"line":14,"column":5}},"2":{"start":{"line":15,"column":4},"end":{"line":15,"column":53}},"3":{"start":{"line":19,"column":4},"end":{"line":19,"column":24}},"4":{"start":{"line":23,"column":23},"end":{"line":23,"column":44}},"5":{"start":{"line":24,"column":4},"end":{"line":30,"column":6}},"6":{"start":{"line":26,"column":6},"end":{"line":26,"column":56}},"7":{"start":{"line":29,"column":6},"end":{"line":29,"column":23}},"8":{"start":{"line":34,"column":4},"end":{"line":42,"column":5}}},"fnMap":{"0":{"name":"(anonymous_0)","decl":{"start":{"line":9,"column":2},"end":{"line":9,"column":3}},"loc":{"start":{"line":9,"column":21},"end":{"line":16,"column":3}},"line":9},"1":{"name":"(anonymous_1)","decl":{"start":{"line":18,"column":2},"end":{"line":18,"column":3}},"loc":{"start":{"line":18,"column":22},"end":{"line":20,"column":3}},"line":18},"2":{"name":"(anonymous_2)","decl":{"start":{"line":22,"column":2},"end":{"line":22,"column":3}},"loc":{"start":{"line":22,"column":17},"end":{"line":31,"column":3}},"line":22},"3":{"name":"(anonymous_3)","decl":{"start":{"line":25,"column":10},"end":{"line":25,"column":11}},"loc":{"start":{"line":25,"column":25},"end":{"line":27,"column":5}},"line":25},"4":{"name":"(anonymous_4)","decl":{"start":{"line":28,"column":11},"end":{"line":28,"column":12}},"loc":{"start":{"line":28,"column":20},"end":{"line":30,"column":5}},"line":28},"5":{"name":"(anonymous_5)","decl":{"start":{"line":33,"column":2},"end":{"line":33,"column":3}},"loc":{"start":{"line":33,"column":11},"end":{"line":43,"column":3}},"line":33}},"branchMap":{"0":{"loc":{"start":{"line":36,"column":7},"end":{"line":40,"column":9}},"type":"binary-expr","locations":[{"start":{"line":36,"column":7},"end":{"line":36,"column":34}},{"start":{"line":37,"column":7},"end":{"line":40,"column":9}}],"line":36}},"s":{"0":0,"1":0,"2":0,"3":0,"4":0,"5":0,"6":0,"7":0,"8":0},"f":{"0":0,"1":0,"2":0,"3":0,"4":0,"5":0},"b":{"0":[0,0]},"_coverageSchema":"1a1c01bbd47fc00a2c39e90264f33305004495a9","hash":"fb9c9d63753d53a632cacc74d299eb48f8229e21"}
,"/Users/ziye/HR/SEI/project-catwalk/client/src/components/Q&A/Q&AnswersEntry.jsx": {"path":"/Users/ziye/HR/SEI/project-catwalk/client/src/components/Q&A/Q&AnswersEntry.jsx","statementMap":{"0":{"start":{"line":5,"column":4},"end":{"line":5,"column":16}},"1":{"start":{"line":6,"column":4},"end":{"line":13,"column":5}},"2":{"start":{"line":15,"column":4},"end":{"line":15,"column":85}},"3":{"start":{"line":16,"column":4},"end":{"line":16,"column":75}},"4":{"start":{"line":17,"column":4},"end":{"line":17,"column":61}},"5":{"start":{"line":18,"column":4},"end":{"line":18,"column":61}},"6":{"start":{"line":22,"column":4},"end":{"line":22,"column":28}},"7":{"start":{"line":23,"column":4},"end":{"line":23,"column":28}},"8":{"start":{"line":27,"column":20},"end":{"line":27,"column":37}},"9":{"start":{"line":28,"column":4},"end":{"line":30,"column":5}},"10":{"start":{"line":29,"column":6},"end":{"line":29,"column":44}},"11":{"start":{"line":36,"column":27},"end":{"line":36,"column":54}},"12":{"start":{"line":37,"column":25},"end":{"line":37,"column":50}},"13":{"start":{"line":38,"column":18},"end":{"line":38,"column":36}},"14":{"start":{"line":39,"column":20},"end":{"line":39,"column":40}},"15":{"start":{"line":40,"column":4},"end":{"line":44,"column":5}},"16":{"start":{"line":40,"column":17},"end":{"line":40,"column":31}},"17":{"start":{"line":41,"column":6},"end":{"line":43,"column":7}},"18":{"start":{"line":42,"column":8},"end":{"line":42,"column":42}},"19":{"start":{"line":45,"column":4},"end":{"line":48,"column":6}},"20":{"start":{"line":54,"column":4},"end":{"line":54,"column":45}},"21":{"start":{"line":59,"column":4},"end":{"line":59,"column":53}},"22":{"start":{"line":59,"column":32},"end":{"line":59,"column":50}},"23":{"start":{"line":64,"column":29},"end":{"line":64,"column":74}},"24":{"start":{"line":65,"column":4},"end":{"line":79,"column":5}},"25":{"start":{"line":68,"column":10},"end":{"line":74,"column":11}}},"fnMap":{"0":{"name":"(anonymous_0)","decl":{"start":{"line":4,"column":2},"end":{"line":4,"column":3}},"loc":{"start":{"line":4,"column":21},"end":{"line":20,"column":3}},"line":4},"1":{"name":"(anonymous_1)","decl":{"start":{"line":21,"column":2},"end":{"line":21,"column":3}},"loc":{"start":{"line":21,"column":22},"end":{"line":24,"column":3}},"line":21},"2":{"name":"(anonymous_2)","decl":{"start":{"line":26,"column":2},"end":{"line":26,"column":3}},"loc":{"start":{"line":26,"column":21},"end":{"line":31,"column":3}},"line":26},"3":{"name":"(anonymous_3)","decl":{"start":{"line":35,"column":2},"end":{"line":35,"column":3}},"loc":{"start":{"line":35,"column":21},"end":{"line":49,"column":3}},"line":35},"4":{"name":"(anonymous_4)","decl":{"start":{"line":51,"column":2},"end":{"line":51,"column":3}},"loc":{"start":{"line":51,"column":33},"end":{"line":55,"column":3}},"line":51},"5":{"name":"(anonymous_5)","decl":{"start":{"line":58,"column":2},"end":{"line":58,"column":3}},"loc":{"start":{"line":58,"column":28},"end":{"line":60,"column":3}},"line":58},"6":{"name":"(anonymous_6)","decl":{"start":{"line":59,"column":18},"end":{"line":59,"column":19}},"loc":{"start":{"line":59,"column":32},"end":{"line":59,"column":50}},"line":59},"7":{"name":"(anonymous_7)","decl":{"start":{"line":63,"column":2},"end":{"line":63,"column":3}},"loc":{"start":{"line":63,"column":11},"end":{"line":80,"column":3}},"line":63},"8":{"name":"(anonymous_8)","decl":{"start":{"line":67,"column":41},"end":{"line":67,"column":42}},"loc":{"start":{"line":67,"column":51},"end":{"line":75,"column":9}},"line":67}},"branchMap":{"0":{"loc":{"start":{"line":41,"column":6},"end":{"line":43,"column":7}},"type":"if","locations":[{"start":{"line":41,"column":6},"end":{"line":43,"column":7}},{"start":{},"end":{}}],"line":41},"1":{"loc":{"start":{"line":64,"column":29},"end":{"line":64,"column":74}},"type":"cond-expr","locations":[{"start":{"line":64,"column":53},"end":{"line":64,"column":63}},{"start":{"line":64,"column":66},"end":{"line":64,"column":74}}],"line":64},"2":{"loc":{"start":{"line":76,"column":9},"end":{"line":77,"column":69}},"type":"binary-expr","locations":[{"start":{"line":76,"column":9},"end":{"line":76,"column":51}},{"start":{"line":77,"column":8},"end":{"line":77,"column":69}}],"line":76}},"s":{"0":0,"1":0,"2":0,"3":0,"4":0,"5":0,"6":0,"7":0,"8":0,"9":0,"10":0,"11":0,"12":0,"13":0,"14":0,"15":0,"16":0,"17":0,"18":0,"19":0,"20":0,"21":0,"22":0,"23":0,"24":0,"25":0},"f":{"0":0,"1":0,"2":0,"3":0,"4":0,"5":0,"6":0,"7":0,"8":0},"b":{"0":[0,0],"1":[0,0],"2":[0,0]},"_coverageSchema":"1a1c01bbd47fc00a2c39e90264f33305004495a9","hash":"c57e7847dd3ff9116ac32be6434f8c5246d61909"}
,"/Users/ziye/HR/SEI/project-catwalk/client/src/components/Q&A/QuestionsEntry.jsx": {"path":"/Users/ziye/HR/SEI/project-catwalk/client/src/components/Q&A/QuestionsEntry.jsx","statementMap":{"0":{"start":{"line":7,"column":4},"end":{"line":7,"column":16}},"1":{"start":{"line":8,"column":4},"end":{"line":15,"column":5}},"2":{"start":{"line":16,"column":4},"end":{"line":16,"column":65}},"3":{"start":{"line":17,"column":4},"end":{"line":17,"column":57}},"4":{"start":{"line":18,"column":4},"end":{"line":18,"column":63}},"5":{"start":{"line":22,"column":4},"end":{"line":22,"column":30}},"6":{"start":{"line":27,"column":29},"end":{"line":27,"column":58}},"7":{"start":{"line":28,"column":25},"end":{"line":28,"column":50}},"8":{"start":{"line":29,"column":20},"end":{"line":29,"column":40}},"9":{"start":{"line":31,"column":4},"end":{"line":41,"column":5}},"10":{"start":{"line":32,"column":6},"end":{"line":34,"column":7}},"11":{"start":{"line":32,"column":19},"end":{"line":32,"column":33}},"12":{"start":{"line":33,"column":8},"end":{"line":33,"column":46}},"13":{"start":{"line":36,"column":6},"end":{"line":40,"column":7}},"14":{"start":{"line":36,"column":19},"end":{"line":36,"column":33}},"15":{"start":{"line":37,"column":8},"end":{"line":39,"column":9}},"16":{"start":{"line":38,"column":10},"end":{"line":38,"column":48}},"17":{"start":{"line":42,"column":4},"end":{"line":45,"column":6}},"18":{"start":{"line":50,"column":4},"end":{"line":50,"column":26}},"19":{"start":{"line":54,"column":4},"end":{"line":54,"column":60}},"20":{"start":{"line":54,"column":32},"end":{"line":54,"column":57}},"21":{"start":{"line":60,"column":4},"end":{"line":78,"column":5}},"22":{"start":{"line":63,"column":10},"end":{"line":69,"column":11}}},"fnMap":{"0":{"name":"(anonymous_0)","decl":{"start":{"line":6,"column":2},"end":{"line":6,"column":3}},"loc":{"start":{"line":6,"column":21},"end":{"line":19,"column":3}},"line":6},"1":{"name":"(anonymous_1)","decl":{"start":{"line":21,"column":2},"end":{"line":21,"column":3}},"loc":{"start":{"line":21,"column":22},"end":{"line":23,"column":3}},"line":21},"2":{"name":"(anonymous_2)","decl":{"start":{"line":26,"column":2},"end":{"line":26,"column":3}},"loc":{"start":{"line":26,"column":24},"end":{"line":46,"column":3}},"line":26},"3":{"name":"(anonymous_3)","decl":{"start":{"line":48,"column":2},"end":{"line":48,"column":3}},"loc":{"start":{"line":48,"column":19},"end":{"line":51,"column":3}},"line":48},"4":{"name":"(anonymous_4)","decl":{"start":{"line":53,"column":2},"end":{"line":53,"column":3}},"loc":{"start":{"line":53,"column":22},"end":{"line":55,"column":3}},"line":53},"5":{"name":"(anonymous_5)","decl":{"start":{"line":54,"column":18},"end":{"line":54,"column":19}},"loc":{"start":{"line":54,"column":32},"end":{"line":54,"column":57}},"line":54},"6":{"name":"(anonymous_6)","decl":{"start":{"line":59,"column":2},"end":{"line":59,"column":3}},"loc":{"start":{"line":59,"column":11},"end":{"line":79,"column":3}},"line":59},"7":{"name":"(anonymous_7)","decl":{"start":{"line":62,"column":43},"end":{"line":62,"column":44}},"loc":{"start":{"line":62,"column":58},"end":{"line":70,"column":9}},"line":62}},"branchMap":{"0":{"loc":{"start":{"line":31,"column":4},"end":{"line":41,"column":5}},"type":"if","locations":[{"start":{"line":31,"column":4},"end":{"line":41,"column":5}},{"start":{"line":35,"column":11},"end":{"line":41,"column":5}}],"line":31},"1":{"loc":{"start":{"line":37,"column":8},"end":{"line":39,"column":9}},"type":"if","locations":[{"start":{"line":37,"column":8},"end":{"line":39,"column":9}},{"start":{},"end":{}}],"line":37},"2":{"loc":{"start":{"line":71,"column":9},"end":{"line":76,"column":11}},"type":"binary-expr","locations":[{"start":{"line":71,"column":9},"end":{"line":71,"column":40}},{"start":{"line":72,"column":8},"end":{"line":76,"column":11}}],"line":71}},"s":{"0":0,"1":0,"2":0,"3":0,"4":0,"5":0,"6":0,"7":0,"8":0,"9":0,"10":0,"11":0,"12":0,"13":0,"14":0,"15":0,"16":0,"17":0,"18":0,"19":0,"20":0,"21":0,"22":0},"f":{"0":0,"1":0,"2":0,"3":0,"4":0,"5":0,"6":0,"7":0},"b":{"0":[0,0],"1":[0,0],"2":[0,0]},"_coverageSchema":"1a1c01bbd47fc00a2c39e90264f33305004495a9","hash":"e4d1b31b25b8030357c447dd78f5da4b150f1e47"}
,"/Users/ziye/HR/SEI/project-catwalk/client/src/components/Q&A/QuestionsSearchForm.jsx": {"path":"/Users/ziye/HR/SEI/project-catwalk/client/src/components/Q&A/QuestionsSearchForm.jsx","statementMap":{"0":{"start":{"line":5,"column":4},"end":{"line":5,"column":17}},"1":{"start":{"line":6,"column":4},"end":{"line":10,"column":5}},"2":{"start":{"line":11,"column":4},"end":{"line":11,"column":53}},"3":{"start":{"line":12,"column":4},"end":{"line":12,"column":49}},"4":{"start":{"line":15,"column":4},"end":{"line":15,"column":23}},"5":{"start":{"line":16,"column":4},"end":{"line":18,"column":7}},"6":{"start":{"line":22,"column":4},"end":{"line":30,"column":5}},"7":{"start":{"line":23,"column":6},"end":{"line":29,"column":8}},"8":{"start":{"line":24,"column":20},"end":{"line":24,"column":34}},"9":{"start":{"line":25,"column":8},"end":{"line":28,"column":9}},"10":{"start":{"line":26,"column":10},"end":{"line":26,"column":45}},"11":{"start":{"line":27,"column":10},"end":{"line":27,"column":65}},"12":{"start":{"line":36,"column":4},"end":{"line":41,"column":5}}},"fnMap":{"0":{"name":"(anonymous_0)","decl":{"start":{"line":4,"column":2},"end":{"line":4,"column":3}},"loc":{"start":{"line":4,"column":21},"end":{"line":13,"column":3}},"line":4},"1":{"name":"(anonymous_1)","decl":{"start":{"line":14,"column":2},"end":{"line":14,"column":3}},"loc":{"start":{"line":14,"column":19},"end":{"line":19,"column":3}},"line":14},"2":{"name":"(anonymous_2)","decl":{"start":{"line":21,"column":2},"end":{"line":21,"column":3}},"loc":{"start":{"line":21,"column":16},"end":{"line":33,"column":3}},"line":21},"3":{"name":"(anonymous_3)","decl":{"start":{"line":23,"column":34},"end":{"line":23,"column":35}},"loc":{"start":{"line":23,"column":55},"end":{"line":29,"column":7}},"line":23},"4":{"name":"(anonymous_4)","decl":{"start":{"line":35,"column":2},"end":{"line":35,"column":3}},"loc":{"start":{"line":35,"column":11},"end":{"line":42,"column":3}},"line":35}},"branchMap":{"0":{"loc":{"start":{"line":22,"column":4},"end":{"line":30,"column":5}},"type":"if","locations":[{"start":{"line":22,"column":4},"end":{"line":30,"column":5}},{"start":{},"end":{}}],"line":22},"1":{"loc":{"start":{"line":25,"column":8},"end":{"line":28,"column":9}},"type":"if","locations":[{"start":{"line":25,"column":8},"end":{"line":28,"column":9}},{"start":{},"end":{}}],"line":25}},"s":{"0":0,"1":0,"2":0,"3":0,"4":0,"5":0,"6":0,"7":0,"8":0,"9":0,"10":0,"11":0,"12":0},"f":{"0":0,"1":0,"2":0,"3":0,"4":0},"b":{"0":[0,0],"1":[0,0]},"_coverageSchema":"1a1c01bbd47fc00a2c39e90264f33305004495a9","hash":"929794d0f591d6de2567dacfe99b268bfd147587"}
,"/Users/ziye/HR/SEI/project-catwalk/client/src/components/R&R/Characteristics.jsx": {"path":"/Users/ziye/HR/SEI/project-catwalk/client/src/components/R&R/Characteristics.jsx","statementMap":{"0":{"start":{"line":6,"column":24},"end":{"line":21,"column":1}},"1":{"start":{"line":8,"column":2},"end":{"line":8,"column":35}},"2":{"start":{"line":10,"column":4},"end":{"line":20,"column":5}},"3":{"start":{"line":23,"column":21},"end":{"line":26,"column":1}},"4":{"start":{"line":28,"column":13},"end":{"line":33,"column":1}}},"fnMap":{"0":{"name":"(anonymous_0)","decl":{"start":{"line":6,"column":24},"end":{"line":6,"column":25}},"loc":{"start":{"line":6,"column":39},"end":{"line":21,"column":1}},"line":6}},"branchMap":{},"s":{"0":1,"1":0,"2":0,"3":1,"4":1},"f":{"0":0},"b":{},"_coverageSchema":"1a1c01bbd47fc00a2c39e90264f33305004495a9","hash":"1aa776b54875376d18acb4641ff8e82295e5988b"}
,"/Users/ziye/HR/SEI/project-catwalk/client/src/components/R&R/MoreReviews.jsx": {"path":"/Users/ziye/HR/SEI/project-catwalk/client/src/components/R&R/MoreReviews.jsx","statementMap":{"0":{"start":{"line":9,"column":20},"end":{"line":20,"column":1}},"1":{"start":{"line":11,"column":2},"end":{"line":19,"column":3}},"2":{"start":{"line":12,"column":4},"end":{"line":16,"column":5}},"3":{"start":{"line":18,"column":4},"end":{"line":18,"column":16}}},"fnMap":{"0":{"name":"(anonymous_0)","decl":{"start":{"line":9,"column":20},"end":{"line":9,"column":21}},"loc":{"start":{"line":9,"column":61},"end":{"line":20,"column":1}},"line":9}},"branchMap":{"0":{"loc":{"start":{"line":11,"column":2},"end":{"line":19,"column":3}},"type":"if","locations":[{"start":{"line":11,"column":2},"end":{"line":19,"column":3}},{"start":{"line":17,"column":9},"end":{"line":19,"column":3}}],"line":11}},"s":{"0":1,"1":0,"2":0,"3":0},"f":{"0":0},"b":{"0":[0,0]},"_coverageSchema":"1a1c01bbd47fc00a2c39e90264f33305004495a9","hash":"02747c1ccb3b313d08242ff578297fff8f35f652"}
,"/Users/ziye/HR/SEI/project-catwalk/client/src/components/R&R/NewReview.jsx": {"path":"/Users/ziye/HR/SEI/project-catwalk/client/src/components/R&R/NewReview.jsx","statementMap":{"0":{"start":{"line":12,"column":4},"end":{"line":12,"column":17}},"1":{"start":{"line":13,"column":4},"end":{"line":24,"column":6}},"2":{"start":{"line":25,"column":4},"end":{"line":25,"column":51}},"3":{"start":{"line":26,"column":4},"end":{"line":26,"column":53}},"4":{"start":{"line":34,"column":4},"end":{"line":36,"column":6}},"5":{"start":{"line":44,"column":4},"end":{"line":64,"column":5}},"6":{"start":{"line":45,"column":6},"end":{"line":59,"column":10}},"7":{"start":{"line":61,"column":8},"end":{"line":63,"column":15}},"8":{"start":{"line":68,"column":15},"end":{"line":74,"column":1}},"9":{"start":{"line":76,"column":19},"end":{"line":86,"column":1}},"10":{"start":{"line":88,"column":21},"end":{"line":97,"column":1}}},"fnMap":{"0":{"name":"(anonymous_0)","decl":{"start":{"line":11,"column":2},"end":{"line":11,"column":3}},"loc":{"start":{"line":11,"column":21},"end":{"line":27,"column":3}},"line":11},"1":{"name":"(anonymous_1)","decl":{"start":{"line":29,"column":2},"end":{"line":29,"column":3}},"loc":{"start":{"line":29,"column":17},"end":{"line":31,"column":3}},"line":29},"2":{"name":"(anonymous_2)","decl":{"start":{"line":33,"column":2},"end":{"line":33,"column":3}},"loc":{"start":{"line":33,"column":16},"end":{"line":37,"column":3}},"line":33},"3":{"name":"(anonymous_3)","decl":{"start":{"line":43,"column":2},"end":{"line":43,"column":3}},"loc":{"start":{"line":43,"column":12},"end":{"line":65,"column":3}},"line":43}},"branchMap":{"0":{"loc":{"start":{"line":44,"column":4},"end":{"line":64,"column":5}},"type":"if","locations":[{"start":{"line":44,"column":4},"end":{"line":64,"column":5}},{"start":{"line":60,"column":11},"end":{"line":64,"column":5}}],"line":44}},"s":{"0":0,"1":0,"2":0,"3":0,"4":0,"5":0,"6":0,"7":0,"8":1,"9":1,"10":1},"f":{"0":0,"1":0,"2":0,"3":0},"b":{"0":[0,0]},"_coverageSchema":"1a1c01bbd47fc00a2c39e90264f33305004495a9","hash":"6be4867001d4d41c58d310635f591ba8cb1cf156"}
,"/Users/ziye/HR/SEI/project-catwalk/client/src/components/R&R/RROverview.jsx": {"path":"/Users/ziye/HR/SEI/project-catwalk/client/src/components/R&R/RROverview.jsx","statementMap":{"0":{"start":{"line":13,"column":4},"end":{"line":13,"column":17}},"1":{"start":{"line":14,"column":4},"end":{"line":20,"column":5}},"2":{"start":{"line":21,"column":4},"end":{"line":21,"column":49}},"3":{"start":{"line":22,"column":4},"end":{"line":22,"column":57}},"4":{"start":{"line":23,"column":4},"end":{"line":23,"column":55}},"5":{"start":{"line":24,"column":4},"end":{"line":24,"column":57}},"6":{"start":{"line":25,"column":4},"end":{"line":25,"column":55}},"7":{"start":{"line":29,"column":4},"end":{"line":29,"column":22}},"8":{"start":{"line":30,"column":4},"end":{"line":30,"column":26}},"9":{"start":{"line":31,"column":4},"end":{"line":31,"column":26}},"10":{"start":{"line":35,"column":4},"end":{"line":40,"column":5}},"11":{"start":{"line":36,"column":6},"end":{"line":36,"column":24}},"12":{"start":{"line":37,"column":6},"end":{"line":37,"column":28}},"13":{"start":{"line":38,"column":6},"end":{"line":38,"column":28}},"14":{"start":{"line":44,"column":4},"end":{"line":49,"column":6}},"15":{"start":{"line":45,"column":6},"end":{"line":45,"column":60}},"16":{"start":{"line":46,"column":6},"end":{"line":48,"column":9}},"17":{"start":{"line":47,"column":8},"end":{"line":47,"column":74}},"18":{"start":{"line":53,"column":4},"end":{"line":58,"column":6}},"19":{"start":{"line":54,"column":6},"end":{"line":54,"column":56}},"20":{"start":{"line":55,"column":6},"end":{"line":57,"column":9}},"21":{"start":{"line":56,"column":8},"end":{"line":56,"column":80}},"22":{"start":{"line":62,"column":4},"end":{"line":62,"column":22}},"23":{"start":{"line":63,"column":4},"end":{"line":63,"column":26}},"24":{"start":{"line":67,"column":4},"end":{"line":76,"column":9}},"25":{"start":{"line":69,"column":8},"end":{"line":69,"column":54}},"26":{"start":{"line":70,"column":8},"end":{"line":72,"column":11}},"27":{"start":{"line":75,"column":8},"end":{"line":75,"column":50}},"28":{"start":{"line":80,"column":24},"end":{"line":80,"column":54}},"29":{"start":{"line":81,"column":4},"end":{"line":81,"column":46}},"30":{"start":{"line":82,"column":12},"end":{"line":82,"column":53}},"31":{"start":{"line":83,"column":4},"end":{"line":87,"column":5}},"32":{"start":{"line":84,"column":6},"end":{"line":84,"column":143}},"33":{"start":{"line":84,"column":36},"end":{"line":84,"column":86}},"34":{"start":{"line":84,"column":95},"end":{"line":84,"column":141}},"35":{"start":{"line":86,"column":6},"end":{"line":86,"column":174}},"36":{"start":{"line":86,"column":36},"end":{"line":86,"column":117}},"37":{"start":{"line":86,"column":126},"end":{"line":86,"column":172}},"38":{"start":{"line":93,"column":4},"end":{"line":99,"column":5}},"39":{"start":{"line":103,"column":13},"end":{"line":109,"column":1}},"40":{"start":{"line":111,"column":21},"end":{"line":114,"column":1}},"41":{"start":{"line":115,"column":21},"end":{"line":117,"column":1}}},"fnMap":{"0":{"name":"(anonymous_0)","decl":{"start":{"line":12,"column":2},"end":{"line":12,"column":3}},"loc":{"start":{"line":12,"column":21},"end":{"line":26,"column":3}},"line":12},"1":{"name":"(anonymous_1)","decl":{"start":{"line":28,"column":2},"end":{"line":28,"column":3}},"loc":{"start":{"line":28,"column":22},"end":{"line":32,"column":3}},"line":28},"2":{"name":"(anonymous_2)","decl":{"start":{"line":34,"column":2},"end":{"line":34,"column":3}},"loc":{"start":{"line":34,"column":32},"end":{"line":41,"column":3}},"line":34},"3":{"name":"(anonymous_3)","decl":{"start":{"line":43,"column":2},"end":{"line":43,"column":3}},"loc":{"start":{"line":43,"column":32},"end":{"line":50,"column":3}},"line":43},"4":{"name":"(anonymous_4)","decl":{"start":{"line":44,"column":45},"end":{"line":44,"column":46}},"loc":{"start":{"line":44,"column":63},"end":{"line":49,"column":5}},"line":44},"5":{"name":"(anonymous_5)","decl":{"start":{"line":46,"column":51},"end":{"line":46,"column":52}},"loc":{"start":{"line":46,"column":57},"end":{"line":48,"column":7}},"line":46},"6":{"name":"(anonymous_6)","decl":{"start":{"line":52,"column":2},"end":{"line":52,"column":3}},"loc":{"start":{"line":52,"column":19},"end":{"line":59,"column":3}},"line":52},"7":{"name":"(anonymous_7)","decl":{"start":{"line":53,"column":43},"end":{"line":53,"column":44}},"loc":{"start":{"line":53,"column":61},"end":{"line":58,"column":5}},"line":53},"8":{"name":"(anonymous_8)","decl":{"start":{"line":55,"column":55},"end":{"line":55,"column":56}},"loc":{"start":{"line":55,"column":61},"end":{"line":57,"column":7}},"line":55},"9":{"name":"(anonymous_9)","decl":{"start":{"line":61,"column":2},"end":{"line":61,"column":3}},"loc":{"start":{"line":61,"column":18},"end":{"line":64,"column":3}},"line":61},"10":{"name":"(anonymous_10)","decl":{"start":{"line":66,"column":2},"end":{"line":66,"column":3}},"loc":{"start":{"line":66,"column":19},"end":{"line":77,"column":3}},"line":66},"11":{"name":"(anonymous_11)","decl":{"start":{"line":68,"column":12},"end":{"line":68,"column":13}},"loc":{"start":{"line":68,"column":30},"end":{"line":73,"column":7}},"line":68},"12":{"name":"(anonymous_12)","decl":{"start":{"line":74,"column":13},"end":{"line":74,"column":14}},"loc":{"start":{"line":74,"column":22},"end":{"line":76,"column":7}},"line":74},"13":{"name":"(anonymous_13)","decl":{"start":{"line":79,"column":2},"end":{"line":79,"column":3}},"loc":{"start":{"line":79,"column":18},"end":{"line":88,"column":3}},"line":79},"14":{"name":"(anonymous_14)","decl":{"start":{"line":84,"column":20},"end":{"line":84,"column":21}},"loc":{"start":{"line":84,"column":36},"end":{"line":84,"column":86}},"line":84},"15":{"name":"(anonymous_15)","decl":{"start":{"line":84,"column":89},"end":{"line":84,"column":90}},"loc":{"start":{"line":84,"column":95},"end":{"line":84,"column":141}},"line":84},"16":{"name":"(anonymous_16)","decl":{"start":{"line":86,"column":20},"end":{"line":86,"column":21}},"loc":{"start":{"line":86,"column":36},"end":{"line":86,"column":117}},"line":86},"17":{"name":"(anonymous_17)","decl":{"start":{"line":86,"column":120},"end":{"line":86,"column":121}},"loc":{"start":{"line":86,"column":126},"end":{"line":86,"column":172}},"line":86},"18":{"name":"(anonymous_18)","decl":{"start":{"line":92,"column":2},"end":{"line":92,"column":3}},"loc":{"start":{"line":92,"column":12},"end":{"line":100,"column":3}},"line":92}},"branchMap":{"0":{"loc":{"start":{"line":35,"column":4},"end":{"line":40,"column":5}},"type":"if","locations":[{"start":{"line":35,"column":4},"end":{"line":40,"column":5}},{"start":{},"end":{}}],"line":35},"1":{"loc":{"start":{"line":43,"column":13},"end":{"line":43,"column":30}},"type":"default-arg","locations":[{"start":{"line":43,"column":20},"end":{"line":43,"column":30}}],"line":43},"2":{"loc":{"start":{"line":83,"column":4},"end":{"line":87,"column":5}},"type":"if","locations":[{"start":{"line":83,"column":4},"end":{"line":87,"column":5}},{"start":{"line":85,"column":11},"end":{"line":87,"column":5}}],"line":83}},"s":{"0":0,"1":0,"2":0,"3":0,"4":0,"5":0,"6":0,"7":0,"8":0,"9":0,"10":0,"11":0,"12":0,"13":0,"14":0,"15":0,"16":0,"17":0,"18":0,"19":0,"20":0,"21":0,"22":0,"23":0,"24":0,"25":0,"26":0,"27":0,"28":0,"29":0,"30":0,"31":0,"32":0,"33":0,"34":0,"35":0,"36":0,"37":0,"38":0,"39":1,"40":1,"41":1},"f":{"0":0,"1":0,"2":0,"3":0,"4":0,"5":0,"6":0,"7":0,"8":0,"9":0,"10":0,"11":0,"12":0,"13":0,"14":0,"15":0,"16":0,"17":0,"18":0},"b":{"0":[0,0],"1":[0],"2":[0,0]},"_coverageSchema":"1a1c01bbd47fc00a2c39e90264f33305004495a9","hash":"6c16bbefdbf1c4e89e06e23ba46942cea3c17d19"}
,"/Users/ziye/HR/SEI/project-catwalk/client/src/components/R&R/Ratings.jsx": {"path":"/Users/ziye/HR/SEI/project-catwalk/client/src/components/R&R/Ratings.jsx","statementMap":{"0":{"start":{"line":11,"column":16},"end":{"line":66,"column":1}},"1":{"start":{"line":13,"column":50},"end":{"line":13,"column":65}},"2":{"start":{"line":15,"column":2},"end":{"line":15,"column":42}},"3":{"start":{"line":17,"column":19},"end":{"line":23,"column":3}},"4":{"start":{"line":18,"column":16},"end":{"line":18,"column":17}},"5":{"start":{"line":19,"column":4},"end":{"line":21,"column":5}},"6":{"start":{"line":20,"column":6},"end":{"line":20,"column":36}},"7":{"start":{"line":22,"column":4},"end":{"line":22,"column":17}},"8":{"start":{"line":25,"column":27},"end":{"line":35,"column":3}},"9":{"start":{"line":26,"column":14},"end":{"line":26,"column":15}},"10":{"start":{"line":27,"column":4},"end":{"line":29,"column":5}},"11":{"start":{"line":28,"column":6},"end":{"line":28,"column":48}},"12":{"start":{"line":30,"column":4},"end":{"line":33,"column":5}},"13":{"start":{"line":32,"column":6},"end":{"line":32,"column":64}},"14":{"start":{"line":34,"column":4},"end":{"line":34,"column":41}},"15":{"start":{"line":37,"column":27},"end":{"line":45,"column":3}},"16":{"start":{"line":38,"column":4},"end":{"line":40,"column":5}},"17":{"start":{"line":39,"column":6},"end":{"line":39,"column":15}},"18":{"start":{"line":41,"column":4},"end":{"line":43,"column":5}},"19":{"start":{"line":42,"column":6},"end":{"line":42,"column":17}},"20":{"start":{"line":44,"column":4},"end":{"line":44,"column":113}},"21":{"start":{"line":48,"column":2},"end":{"line":65,"column":3}},"22":{"start":{"line":54,"column":10},"end":{"line":57,"column":19}},"23":{"start":{"line":62,"column":10},"end":{"line":62,"column":42}},"24":{"start":{"line":69,"column":17},"end":{"line":72,"column":1}}},"fnMap":{"0":{"name":"(anonymous_0)","decl":{"start":{"line":11,"column":16},"end":{"line":11,"column":17}},"loc":{"start":{"line":11,"column":65},"end":{"line":66,"column":1}},"line":11},"1":{"name":"(anonymous_1)","decl":{"start":{"line":17,"column":19},"end":{"line":17,"column":20}},"loc":{"start":{"line":17,"column":25},"end":{"line":23,"column":3}},"line":17},"2":{"name":"(anonymous_2)","decl":{"start":{"line":25,"column":27},"end":{"line":25,"column":28}},"loc":{"start":{"line":25,"column":33},"end":{"line":35,"column":3}},"line":25},"3":{"name":"(anonymous_3)","decl":{"start":{"line":37,"column":27},"end":{"line":37,"column":28}},"loc":{"start":{"line":37,"column":33},"end":{"line":45,"column":3}},"line":37},"4":{"name":"(anonymous_4)","decl":{"start":{"line":53,"column":48},"end":{"line":53,"column":49}},"loc":{"start":{"line":53,"column":60},"end":{"line":58,"column":11}},"line":53},"5":{"name":"(anonymous_5)","decl":{"start":{"line":61,"column":64},"end":{"line":61,"column":65}},"loc":{"start":{"line":62,"column":10},"end":{"line":62,"column":42}},"line":62}},"branchMap":{"0":{"loc":{"start":{"line":30,"column":4},"end":{"line":33,"column":5}},"type":"if","locations":[{"start":{"line":30,"column":4},"end":{"line":33,"column":5}},{"start":{},"end":{}}],"line":30},"1":{"loc":{"start":{"line":38,"column":4},"end":{"line":40,"column":5}},"type":"if","locations":[{"start":{"line":38,"column":4},"end":{"line":40,"column":5}},{"start":{},"end":{}}],"line":38},"2":{"loc":{"start":{"line":41,"column":4},"end":{"line":43,"column":5}},"type":"if","locations":[{"start":{"line":41,"column":4},"end":{"line":43,"column":5}},{"start":{},"end":{}}],"line":41},"3":{"loc":{"start":{"line":51,"column":9},"end":{"line":51,"column":88}},"type":"binary-expr","locations":[{"start":{"line":51,"column":9},"end":{"line":51,"column":20}},{"start":{"line":51,"column":24},"end":{"line":51,"column":88}}],"line":51},"4":{"loc":{"start":{"line":53,"column":9},"end":{"line":58,"column":12}},"type":"binary-expr","locations":[{"start":{"line":53,"column":9},"end":{"line":53,"column":16}},{"start":{"line":53,"column":20},"end":{"line":58,"column":12}}],"line":53},"5":{"loc":{"start":{"line":61,"column":9},"end":{"line":63,"column":10}},"type":"binary-expr","locations":[{"start":{"line":61,"column":9},"end":{"line":61,"column":24}},{"start":{"line":61,"column":28},"end":{"line":63,"column":10}}],"line":61}},"s":{"0":1,"1":0,"2":0,"3":0,"4":0,"5":0,"6":0,"7":0,"8":0,"9":0,"10":0,"11":0,"12":0,"13":0,"14":0,"15":0,"16":0,"17":0,"18":0,"19":0,"20":0,"21":0,"22":0,"23":0,"24":1},"f":{"0":0,"1":0,"2":0,"3":0,"4":0,"5":0},"b":{"0":[0,0],"1":[0,0],"2":[0,0],"3":[0,0],"4":[0,0],"5":[0,0]},"_coverageSchema":"1a1c01bbd47fc00a2c39e90264f33305004495a9","hash":"bdc205f90c912bd2422e04e3695e1f2f12e985ee"}
,"/Users/ziye/HR/SEI/project-catwalk/client/src/components/R&R/ReviewList.jsx": {"path":"/Users/ziye/HR/SEI/project-catwalk/client/src/components/R&R/ReviewList.jsx","statementMap":{"0":{"start":{"line":8,"column":19},"end":{"line":18,"column":1}},"1":{"start":{"line":10,"column":25},"end":{"line":10,"column":61}},"2":{"start":{"line":12,"column":4},"end":{"line":17,"column":5}},"3":{"start":{"line":14,"column":8},"end":{"line":14,"column":77}},"4":{"start":{"line":20,"column":15},"end":{"line":23,"column":1}}},"fnMap":{"0":{"name":"(anonymous_0)","decl":{"start":{"line":8,"column":19},"end":{"line":8,"column":20}},"loc":{"start":{"line":8,"column":60},"end":{"line":18,"column":1}},"line":8},"1":{"name":"(anonymous_1)","decl":{"start":{"line":13,"column":44},"end":{"line":13,"column":45}},"loc":{"start":{"line":14,"column":8},"end":{"line":14,"column":77}},"line":14}},"branchMap":{"0":{"loc":{"start":{"line":10,"column":25},"end":{"line":10,"column":61}},"type":"binary-expr","locations":[{"start":{"line":10,"column":25},"end":{"line":10,"column":32}},{"start":{"line":10,"column":36},"end":{"line":10,"column":61}}],"line":10},"1":{"loc":{"start":{"line":13,"column":7},"end":{"line":15,"column":8}},"type":"binary-expr","locations":[{"start":{"line":13,"column":7},"end":{"line":13,"column":21}},{"start":{"line":13,"column":25},"end":{"line":15,"column":8}}],"line":13}},"s":{"0":1,"1":0,"2":0,"3":0,"4":1},"f":{"0":0,"1":0},"b":{"0":[0,0],"1":[0,0]},"_coverageSchema":"1a1c01bbd47fc00a2c39e90264f33305004495a9","hash":"e80163360d64856d8af73f5f671c271fb555509b"}
,"/Users/ziye/HR/SEI/project-catwalk/client/src/components/R&R/ReviewTile.jsx": {"path":"/Users/ziye/HR/SEI/project-catwalk/client/src/components/R&R/ReviewTile.jsx","statementMap":{"0":{"start":{"line":11,"column":4},"end":{"line":11,"column":17}},"1":{"start":{"line":12,"column":4},"end":{"line":15,"column":5}},"2":{"start":{"line":18,"column":16},"end":{"line":35,"column":3}},"3":{"start":{"line":19,"column":36},"end":{"line":19,"column":46}},"4":{"start":{"line":21,"column":17},"end":{"line":21,"column":47}},"5":{"start":{"line":22,"column":4},"end":{"line":22,"column":71}},"6":{"start":{"line":24,"column":4},"end":{"line":30,"column":5}},"7":{"start":{"line":26,"column":6},"end":{"line":26,"column":39}},"8":{"start":{"line":27,"column":6},"end":{"line":29,"column":8}},"9":{"start":{"line":28,"column":8},"end":{"line":28,"column":24}},"10":{"start":{"line":31,"column":4},"end":{"line":34,"column":5}},"11":{"start":{"line":32,"column":6},"end":{"line":32,"column":40}},"12":{"start":{"line":33,"column":6},"end":{"line":33,"column":47}},"13":{"start":{"line":38,"column":36},"end":{"line":38,"column":46}},"14":{"start":{"line":40,"column":4},"end":{"line":57,"column":5}},"15":{"start":{"line":51,"column":46},"end":{"line":51,"column":65}},"16":{"start":{"line":54,"column":69},"end":{"line":54,"column":88}}},"fnMap":{"0":{"name":"(anonymous_0)","decl":{"start":{"line":10,"column":2},"end":{"line":10,"column":3}},"loc":{"start":{"line":10,"column":21},"end":{"line":16,"column":3}},"line":10},"1":{"name":"(anonymous_1)","decl":{"start":{"line":18,"column":16},"end":{"line":18,"column":17}},"loc":{"start":{"line":18,"column":23},"end":{"line":35,"column":3}},"line":18},"2":{"name":"(anonymous_2)","decl":{"start":{"line":27,"column":47},"end":{"line":27,"column":48}},"loc":{"start":{"line":27,"column":65},"end":{"line":29,"column":7}},"line":27},"3":{"name":"(anonymous_3)","decl":{"start":{"line":37,"column":2},"end":{"line":37,"column":3}},"loc":{"start":{"line":37,"column":11},"end":{"line":58,"column":3}},"line":37},"4":{"name":"(anonymous_4)","decl":{"start":{"line":51,"column":39},"end":{"line":51,"column":40}},"loc":{"start":{"line":51,"column":46},"end":{"line":51,"column":65}},"line":51},"5":{"name":"(anonymous_5)","decl":{"start":{"line":54,"column":62},"end":{"line":54,"column":63}},"loc":{"start":{"line":54,"column":69},"end":{"line":54,"column":88}},"line":54}},"branchMap":{"0":{"loc":{"start":{"line":24,"column":4},"end":{"line":30,"column":5}},"type":"if","locations":[{"start":{"line":24,"column":4},"end":{"line":30,"column":5}},{"start":{},"end":{}}],"line":24},"1":{"loc":{"start":{"line":24,"column":8},"end":{"line":24,"column":60}},"type":"binary-expr","locations":[{"start":{"line":24,"column":8},"end":{"line":24,"column":28}},{"start":{"line":24,"column":32},"end":{"line":24,"column":60}}],"line":24},"2":{"loc":{"start":{"line":31,"column":4},"end":{"line":34,"column":5}},"type":"if","locations":[{"start":{"line":31,"column":4},"end":{"line":34,"column":5}},{"start":{},"end":{}}],"line":31},"3":{"loc":{"start":{"line":31,"column":8},"end":{"line":31,"column":60}},"type":"binary-expr","locations":[{"start":{"line":31,"column":8},"end":{"line":31,"column":27}},{"start":{"line":31,"column":31},"end":{"line":31,"column":60}}],"line":31},"4":{"loc":{"start":{"line":48,"column":9},"end":{"line":48,"column":73}},"type":"binary-expr","locations":[{"start":{"line":48,"column":9},"end":{"line":48,"column":25}},{"start":{"line":48,"column":29},"end":{"line":48,"column":73}}],"line":48},"5":{"loc":{"start":{"line":53,"column":9},"end":{"line":54,"column":160}},"type":"cond-expr","locations":[{"start":{"line":54,"column":8},"end":{"line":54,"column":29}},{"start":{"line":54,"column":32},"end":{"line":54,"column":160}}],"line":53}},"s":{"0":0,"1":0,"2":0,"3":0,"4":0,"5":0,"6":0,"7":0,"8":0,"9":0,"10":0,"11":0,"12":0,"13":0,"14":0,"15":0,"16":0},"f":{"0":0,"1":0,"2":0,"3":0,"4":0,"5":0},"b":{"0":[0,0],"1":[0,0],"2":[0,0],"3":[0,0],"4":[0,0],"5":[0,0]},"_coverageSchema":"1a1c01bbd47fc00a2c39e90264f33305004495a9","hash":"1a3bc99b429fb66e676eb0aeb17cb283867e7e2d"}
,"/Users/ziye/HR/SEI/project-catwalk/client/src/components/R&R/Reviews.jsx": {"path":"/Users/ziye/HR/SEI/project-catwalk/client/src/components/R&R/Reviews.jsx","statementMap":{"0":{"start":{"line":14,"column":4},"end":{"line":14,"column":17}},"1":{"start":{"line":15,"column":4},"end":{"line":18,"column":5}},"2":{"start":{"line":19,"column":4},"end":{"line":19,"column":59}},"3":{"start":{"line":23,"column":4},"end":{"line":25,"column":5}},"4":{"start":{"line":29,"column":4},"end":{"line":34,"column":5}},"5":{"start":{"line":30,"column":6},"end":{"line":33,"column":8}},"6":{"start":{"line":38,"column":4},"end":{"line":40,"column":6}},"7":{"start":{"line":44,"column":17},"end":{"line":44,"column":19}},"8":{"start":{"line":54,"column":28},"end":{"line":54,"column":38}},"9":{"start":{"line":56,"column":4},"end":{"line":64,"column":11}},"10":{"start":{"line":70,"column":21},"end":{"line":74,"column":1}}},"fnMap":{"0":{"name":"(anonymous_0)","decl":{"start":{"line":13,"column":2},"end":{"line":13,"column":3}},"loc":{"start":{"line":13,"column":21},"end":{"line":20,"column":3}},"line":13},"1":{"name":"(anonymous_1)","decl":{"start":{"line":22,"column":2},"end":{"line":22,"column":3}},"loc":{"start":{"line":22,"column":22},"end":{"line":26,"column":3}},"line":22},"2":{"name":"(anonymous_2)","decl":{"start":{"line":28,"column":2},"end":{"line":28,"column":3}},"loc":{"start":{"line":28,"column":32},"end":{"line":35,"column":3}},"line":28},"3":{"name":"(anonymous_3)","decl":{"start":{"line":37,"column":2},"end":{"line":37,"column":3}},"loc":{"start":{"line":37,"column":20},"end":{"line":41,"column":3}},"line":37},"4":{"name":"(anonymous_4)","decl":{"start":{"line":43,"column":2},"end":{"line":43,"column":3}},"loc":{"start":{"line":43,"column":17},"end":{"line":47,"column":3}},"line":43},"5":{"name":"(anonymous_5)","decl":{"start":{"line":53,"column":2},"end":{"line":53,"column":3}},"loc":{"start":{"line":53,"column":12},"end":{"line":65,"column":3}},"line":53}},"branchMap":{"0":{"loc":{"start":{"line":29,"column":4},"end":{"line":34,"column":5}},"type":"if","locations":[{"start":{"line":29,"column":4},"end":{"line":34,"column":5}},{"start":{},"end":{}}],"line":29},"1":{"loc":{"start":{"line":57,"column":28},"end":{"line":57,"column":75}},"type":"binary-expr","locations":[{"start":{"line":57,"column":28},"end":{"line":57,"column":46}},{"start":{"line":57,"column":50},"end":{"line":57,"column":75}}],"line":57},"2":{"loc":{"start":{"line":61,"column":30},"end":{"line":61,"column":77}},"type":"binary-expr","locations":[{"start":{"line":61,"column":30},"end":{"line":61,"column":48}},{"start":{"line":61,"column":52},"end":{"line":61,"column":77}}],"line":61}},"s":{"0":0,"1":0,"2":0,"3":0,"4":0,"5":0,"6":0,"7":0,"8":0,"9":0,"10":1},"f":{"0":0,"1":0,"2":0,"3":0,"4":0,"5":0},"b":{"0":[0,0],"1":[0,0],"2":[0,0]},"_coverageSchema":"1a1c01bbd47fc00a2c39e90264f33305004495a9","hash":"77ee4c4cc0ce29c05ccbc6a6f4639fbc922a12f6"}
,"/Users/ziye/HR/SEI/project-catwalk/client/src/components/R&R/ReviewsSort.jsx": {"path":"/Users/ziye/HR/SEI/project-catwalk/client/src/components/R&R/ReviewsSort.jsx","statementMap":{"0":{"start":{"line":10,"column":4},"end":{"line":10,"column":17}},"1":{"start":{"line":11,"column":4},"end":{"line":13,"column":5}},"2":{"start":{"line":14,"column":4},"end":{"line":14,"column":61}},"3":{"start":{"line":18,"column":4},"end":{"line":18,"column":50}},"4":{"start":{"line":19,"column":4},"end":{"line":21,"column":4}},"5":{"start":{"line":20,"column":6},"end":{"line":20,"column":45}},"6":{"start":{"line":28,"column":4},"end":{"line":40,"column":5}}},"fnMap":{"0":{"name":"(anonymous_0)","decl":{"start":{"line":9,"column":2},"end":{"line":9,"column":3}},"loc":{"start":{"line":9,"column":21},"end":{"line":15,"column":3}},"line":9},"1":{"name":"(anonymous_1)","decl":{"start":{"line":17,"column":2},"end":{"line":17,"column":3}},"loc":{"start":{"line":17,"column":22},"end":{"line":22,"column":1}},"line":17},"2":{"name":"(anonymous_2)","decl":{"start":{"line":19,"column":44},"end":{"line":19,"column":45}},"loc":{"start":{"line":19,"column":50},"end":{"line":21,"column":3}},"line":19},"3":{"name":"(anonymous_3)","decl":{"start":{"line":26,"column":2},"end":{"line":26,"column":3}},"loc":{"start":{"line":26,"column":12},"end":{"line":41,"column":3}},"line":26}},"branchMap":{},"s":{"0":0,"1":0,"2":0,"3":0,"4":0,"5":0,"6":0},"f":{"0":0,"1":0,"2":0,"3":0},"b":{},"_coverageSchema":"1a1c01bbd47fc00a2c39e90264f33305004495a9","hash":"6621acd0c7293cb379c232d75207164df1fa8b57"}
,"/Users/ziye/HR/SEI/project-catwalk/client/src/components/RI&C/ComparisonModal.jsx": {"path":"/Users/ziye/HR/SEI/project-catwalk/client/src/components/RI&C/ComparisonModal.jsx","statementMap":{"0":{"start":{"line":10,"column":4},"end":{"line":10,"column":17}},"1":{"start":{"line":11,"column":4},"end":{"line":13,"column":6}},"2":{"start":{"line":17,"column":4},"end":{"line":17,"column":29}},"3":{"start":{"line":21,"column":35},"end":{"line":21,"column":61}},"4":{"start":{"line":22,"column":35},"end":{"line":22,"column":61}},"5":{"start":{"line":23,"column":19},"end":{"line":23,"column":21}},"6":{"start":{"line":25,"column":4},"end":{"line":30,"column":6}},"7":{"start":{"line":26,"column":6},"end":{"line":29,"column":7}},"8":{"start":{"line":32,"column":4},"end":{"line":37,"column":6}},"9":{"start":{"line":33,"column":6},"end":{"line":36,"column":7}},"10":{"start":{"line":39,"column":4},"end":{"line":41,"column":6}},"11":{"start":{"line":47,"column":21},"end":{"line":47,"column":40}},"12":{"start":{"line":48,"column":4},"end":{"line":82,"column":6}},"13":{"start":{"line":53,"column":39},"end":{"line":53,"column":63}},"14":{"start":{"line":66,"column":26},"end":{"line":66,"column":79}},"15":{"start":{"line":67,"column":26},"end":{"line":67,"column":79}},"16":{"start":{"line":68,"column":17},"end":{"line":74,"column":18}},"17":{"start":{"line":86,"column":19},"end":{"line":99,"column":1}},"18":{"start":{"line":101,"column":21},"end":{"line":111,"column":1}},"19":{"start":{"line":113,"column":20},"end":{"line":116,"column":1}},"20":{"start":{"line":118,"column":14},"end":{"line":121,"column":1}},"21":{"start":{"line":123,"column":11},"end":{"line":125,"column":1}},"22":{"start":{"line":127,"column":11},"end":{"line":131,"column":1}},"23":{"start":{"line":133,"column":11},"end":{"line":137,"column":1}}},"fnMap":{"0":{"name":"(anonymous_0)","decl":{"start":{"line":9,"column":2},"end":{"line":9,"column":3}},"loc":{"start":{"line":9,"column":21},"end":{"line":14,"column":3}},"line":9},"1":{"name":"(anonymous_1)","decl":{"start":{"line":16,"column":2},"end":{"line":16,"column":3}},"loc":{"start":{"line":16,"column":22},"end":{"line":18,"column":3}},"line":16},"2":{"name":"(anonymous_2)","decl":{"start":{"line":20,"column":2},"end":{"line":20,"column":3}},"loc":{"start":{"line":20,"column":23},"end":{"line":43,"column":3}},"line":20},"3":{"name":"(anonymous_3)","decl":{"start":{"line":25,"column":35},"end":{"line":25,"column":36}},"loc":{"start":{"line":25,"column":45},"end":{"line":30,"column":5}},"line":25},"4":{"name":"(anonymous_4)","decl":{"start":{"line":32,"column":35},"end":{"line":32,"column":36}},"loc":{"start":{"line":32,"column":45},"end":{"line":37,"column":5}},"line":32},"5":{"name":"(anonymous_5)","decl":{"start":{"line":45,"column":2},"end":{"line":45,"column":3}},"loc":{"start":{"line":45,"column":11},"end":{"line":83,"column":3}},"line":45},"6":{"name":"(anonymous_6)","decl":{"start":{"line":53,"column":31},"end":{"line":53,"column":32}},"loc":{"start":{"line":53,"column":37},"end":{"line":53,"column":65}},"line":53},"7":{"name":"(anonymous_7)","decl":{"start":{"line":64,"column":42},"end":{"line":64,"column":43}},"loc":{"start":{"line":64,"column":54},"end":{"line":75,"column":18}},"line":64}},"branchMap":{"0":{"loc":{"start":{"line":66,"column":26},"end":{"line":66,"column":79}},"type":"cond-expr","locations":[{"start":{"line":66,"column":51},"end":{"line":66,"column":73}},{"start":{"line":66,"column":76},"end":{"line":66,"column":79}}],"line":66},"1":{"loc":{"start":{"line":67,"column":26},"end":{"line":67,"column":79}},"type":"cond-expr","locations":[{"start":{"line":67,"column":51},"end":{"line":67,"column":73}},{"start":{"line":67,"column":76},"end":{"line":67,"column":79}}],"line":67}},"s":{"0":1,"1":1,"2":2,"3":2,"4":2,"5":2,"6":2,"7":2,"8":2,"9":2,"10":2,"11":3,"12":3,"13":0,"14":4,"15":4,"16":4,"17":1,"18":1,"19":1,"20":1,"21":1,"22":1,"23":1},"f":{"0":1,"1":2,"2":2,"3":2,"4":2,"5":3,"6":0,"7":4},"b":{"0":[2,2],"1":[2,2]},"_coverageSchema":"1a1c01bbd47fc00a2c39e90264f33305004495a9","hash":"b30b462c63ebeeff0e49a6b718f44cecc6413260"}
,"/Users/ziye/HR/SEI/project-catwalk/client/src/components/RI&C/OutfitList.jsx": {"path":"/Users/ziye/HR/SEI/project-catwalk/client/src/components/RI&C/OutfitList.jsx","statementMap":{"0":{"start":{"line":9,"column":19},"end":{"line":85,"column":1}},"1":{"start":{"line":11,"column":46},"end":{"line":11,"column":88}},"2":{"start":{"line":12,"column":32},"end":{"line":12,"column":56}},"3":{"start":{"line":13,"column":36},"end":{"line":13,"column":47}},"4":{"start":{"line":14,"column":34},"end":{"line":14,"column":49}},"5":{"start":{"line":15,"column":36},"end":{"line":15,"column":50}},"6":{"start":{"line":16,"column":14},"end":{"line":16,"column":22}},"7":{"start":{"line":18,"column":2},"end":{"line":18,"column":34}},"8":{"start":{"line":18,"column":20},"end":{"line":18,"column":31}},"9":{"start":{"line":21,"column":32},"end":{"line":28,"column":3}},"10":{"start":{"line":22,"column":15},"end":{"line":22,"column":22}},"11":{"start":{"line":23,"column":4},"end":{"line":25,"column":5}},"12":{"start":{"line":24,"column":6},"end":{"line":24,"column":33}},"13":{"start":{"line":26,"column":4},"end":{"line":26,"column":20}},"14":{"start":{"line":27,"column":4},"end":{"line":27,"column":30}},"15":{"start":{"line":30,"column":23},"end":{"line":36,"column":3}},"16":{"start":{"line":31,"column":15},"end":{"line":31,"column":29}},"17":{"start":{"line":32,"column":16},"end":{"line":32,"column":32}},"18":{"start":{"line":33,"column":4},"end":{"line":33,"column":25}},"19":{"start":{"line":34,"column":4},"end":{"line":34,"column":20}},"20":{"start":{"line":35,"column":4},"end":{"line":35,"column":30}},"21":{"start":{"line":38,"column":21},"end":{"line":41,"column":3}},"22":{"start":{"line":39,"column":4},"end":{"line":39,"column":44}},"23":{"start":{"line":39,"column":30},"end":{"line":39,"column":43}},"24":{"start":{"line":40,"column":4},"end":{"line":40,"column":15}},"25":{"start":{"line":43,"column":21},"end":{"line":46,"column":3}},"26":{"start":{"line":44,"column":4},"end":{"line":44,"column":44}},"27":{"start":{"line":44,"column":30},"end":{"line":44,"column":43}},"28":{"start":{"line":45,"column":4},"end":{"line":45,"column":15}},"29":{"start":{"line":48,"column":20},"end":{"line":65,"column":3}},"30":{"start":{"line":50,"column":4},"end":{"line":58,"column":5}},"31":{"start":{"line":51,"column":26},"end":{"line":51,"column":49}},"32":{"start":{"line":52,"column":21},"end":{"line":52,"column":62}},"33":{"start":{"line":53,"column":5},"end":{"line":57,"column":6}},"34":{"start":{"line":54,"column":6},"end":{"line":54,"column":25}},"35":{"start":{"line":55,"column":12},"end":{"line":57,"column":6}},"36":{"start":{"line":56,"column":6},"end":{"line":56,"column":24}},"37":{"start":{"line":60,"column":4},"end":{"line":64,"column":5}},"38":{"start":{"line":61,"column":6},"end":{"line":61,"column":23}},"39":{"start":{"line":62,"column":11},"end":{"line":64,"column":5}},"40":{"start":{"line":63,"column":6},"end":{"line":63,"column":24}},"41":{"start":{"line":68,"column":4},"end":{"line":83,"column":5}},"42":{"start":{"line":76,"column":14},"end":{"line":76,"column":107}},"43":{"start":{"line":89,"column":14},"end":{"line":92,"column":1}},"44":{"start":{"line":94,"column":22},"end":{"line":100,"column":1}},"45":{"start":{"line":103,"column":31},"end":{"line":111,"column":1}},"46":{"start":{"line":113,"column":13},"end":{"line":120,"column":1}},"47":{"start":{"line":122,"column":24},"end":{"line":125,"column":1}},"48":{"start":{"line":127,"column":19},"end":{"line":134,"column":1}},"49":{"start":{"line":136,"column":18},"end":{"line":148,"column":1}},"50":{"start":{"line":150,"column":19},"end":{"line":152,"column":1}}},"fnMap":{"0":{"name":"(anonymous_0)","decl":{"start":{"line":9,"column":19},"end":{"line":9,"column":20}},"loc":{"start":{"line":9,"column":30},"end":{"line":85,"column":1}},"line":9},"1":{"name":"(anonymous_1)","decl":{"start":{"line":18,"column":12},"end":{"line":18,"column":13}},"loc":{"start":{"line":18,"column":18},"end":{"line":18,"column":33}},"line":18},"2":{"name":"(anonymous_2)","decl":{"start":{"line":21,"column":32},"end":{"line":21,"column":33}},"loc":{"start":{"line":21,"column":38},"end":{"line":28,"column":3}},"line":21},"3":{"name":"(anonymous_3)","decl":{"start":{"line":30,"column":23},"end":{"line":30,"column":24}},"loc":{"start":{"line":30,"column":31},"end":{"line":36,"column":3}},"line":30},"4":{"name":"(anonymous_4)","decl":{"start":{"line":38,"column":21},"end":{"line":38,"column":22}},"loc":{"start":{"line":38,"column":27},"end":{"line":41,"column":3}},"line":38},"5":{"name":"(anonymous_5)","decl":{"start":{"line":39,"column":17},"end":{"line":39,"column":18}},"loc":{"start":{"line":39,"column":30},"end":{"line":39,"column":43}},"line":39},"6":{"name":"(anonymous_6)","decl":{"start":{"line":43,"column":21},"end":{"line":43,"column":22}},"loc":{"start":{"line":43,"column":27},"end":{"line":46,"column":3}},"line":43},"7":{"name":"(anonymous_7)","decl":{"start":{"line":44,"column":17},"end":{"line":44,"column":18}},"loc":{"start":{"line":44,"column":30},"end":{"line":44,"column":43}},"line":44},"8":{"name":"(anonymous_8)","decl":{"start":{"line":48,"column":20},"end":{"line":48,"column":21}},"loc":{"start":{"line":48,"column":26},"end":{"line":65,"column":3}},"line":48},"9":{"name":"(anonymous_9)","decl":{"start":{"line":75,"column":49},"end":{"line":75,"column":50}},"loc":{"start":{"line":75,"column":60},"end":{"line":77,"column":13}},"line":75}},"branchMap":{"0":{"loc":{"start":{"line":23,"column":4},"end":{"line":25,"column":5}},"type":"if","locations":[{"start":{"line":23,"column":4},"end":{"line":25,"column":5}},{"start":{},"end":{}}],"line":23},"1":{"loc":{"start":{"line":50,"column":4},"end":{"line":58,"column":5}},"type":"if","locations":[{"start":{"line":50,"column":4},"end":{"line":58,"column":5}},{"start":{},"end":{}}],"line":50},"2":{"loc":{"start":{"line":53,"column":5},"end":{"line":57,"column":6}},"type":"if","locations":[{"start":{"line":53,"column":5},"end":{"line":57,"column":6}},{"start":{"line":55,"column":12},"end":{"line":57,"column":6}}],"line":53},"3":{"loc":{"start":{"line":55,"column":12},"end":{"line":57,"column":6}},"type":"if","locations":[{"start":{"line":55,"column":12},"end":{"line":57,"column":6}},{"start":{},"end":{}}],"line":55},"4":{"loc":{"start":{"line":60,"column":4},"end":{"line":64,"column":5}},"type":"if","locations":[{"start":{"line":60,"column":4},"end":{"line":64,"column":5}},{"start":{"line":62,"column":11},"end":{"line":64,"column":5}}],"line":60},"5":{"loc":{"start":{"line":62,"column":11},"end":{"line":64,"column":5}},"type":"if","locations":[{"start":{"line":62,"column":11},"end":{"line":64,"column":5}},{"start":{},"end":{}}],"line":62},"6":{"loc":{"start":{"line":72,"column":26},"end":{"line":72,"column":83}},"type":"binary-expr","locations":[{"start":{"line":72,"column":26},"end":{"line":72,"column":34}},{"start":{"line":72,"column":38},"end":{"line":72,"column":83}}],"line":72},"7":{"loc":{"start":{"line":79,"column":26},"end":{"line":79,"column":86}},"type":"binary-expr","locations":[{"start":{"line":79,"column":26},"end":{"line":79,"column":35}},{"start":{"line":79,"column":39},"end":{"line":79,"column":86}}],"line":79}},"s":{"0":1,"1":4,"2":4,"3":4,"4":4,"5":4,"6":4,"7":4,"8":4,"9":4,"10":0,"11":0,"12":0,"13":0,"14":0,"15":4,"16":0,"17":0,"18":0,"19":0,"20":0,"21":4,"22":0,"23":0,"24":0,"25":4,"26":0,"27":0,"28":0,"29":4,"30":4,"31":4,"32":4,"33":4,"34":0,"35":4,"36":4,"37":4,"38":0,"39":4,"40":4,"41":4,"42":0,"43":1,"44":1,"45":1,"46":1,"47":1,"48":1,"49":1,"50":1},"f":{"0":4,"1":4,"2":0,"3":0,"4":0,"5":0,"6":0,"7":0,"8":4,"9":0},"b":{"0":[0,0],"1":[4,0],"2":[0,4],"3":[4,0],"4":[0,4],"5":[4,0],"6":[4,0],"7":[4,4]},"_coverageSchema":"1a1c01bbd47fc00a2c39e90264f33305004495a9","hash":"acece2c5f72e60b23e6b4eaa791502fb21bfee26"}
,"/Users/ziye/HR/SEI/project-catwalk/client/src/components/RI&C/ProductCard.jsx": {"path":"/Users/ziye/HR/SEI/project-catwalk/client/src/components/RI&C/ProductCard.jsx","statementMap":{"0":{"start":{"line":11,"column":4},"end":{"line":11,"column":17}},"1":{"start":{"line":12,"column":4},"end":{"line":17,"column":6}},"2":{"start":{"line":19,"column":4},"end":{"line":19,"column":51}},"3":{"start":{"line":23,"column":4},"end":{"line":25,"column":28}},"4":{"start":{"line":31,"column":15},"end":{"line":31,"column":42}},"5":{"start":{"line":32,"column":4},"end":{"line":42,"column":9}},"6":{"start":{"line":36,"column":8},"end":{"line":38,"column":11}},"7":{"start":{"line":41,"column":8},"end":{"line":41,"column":47}},"8":{"start":{"line":46,"column":15},"end":{"line":46,"column":42}},"9":{"start":{"line":47,"column":4},"end":{"line":57,"column":9}},"10":{"start":{"line":51,"column":8},"end":{"line":53,"column":11}},"11":{"start":{"line":56,"column":8},"end":{"line":56,"column":47}},"12":{"start":{"line":61,"column":15},"end":{"line":61,"column":42}},"13":{"start":{"line":62,"column":4},"end":{"line":72,"column":9}},"14":{"start":{"line":66,"column":8},"end":{"line":68,"column":11}},"15":{"start":{"line":71,"column":8},"end":{"line":71,"column":47}},"16":{"start":{"line":79,"column":4},"end":{"line":81,"column":7}},"17":{"start":{"line":88,"column":46},"end":{"line":88,"column":68}},"18":{"start":{"line":89,"column":20},"end":{"line":89,"column":51}},"19":{"start":{"line":90,"column":22},"end":{"line":90,"column":51}},"20":{"start":{"line":91,"column":20},"end":{"line":91,"column":53}},"21":{"start":{"line":93,"column":20},"end":{"line":93,"column":21}},"22":{"start":{"line":94,"column":17},"end":{"line":94,"column":18}},"23":{"start":{"line":95,"column":4},"end":{"line":102,"column":5}},"24":{"start":{"line":96,"column":16},"end":{"line":96,"column":17}},"25":{"start":{"line":97,"column":6},"end":{"line":100,"column":7}},"26":{"start":{"line":98,"column":8},"end":{"line":98,"column":34}},"27":{"start":{"line":99,"column":8},"end":{"line":99,"column":39}},"28":{"start":{"line":101,"column":6},"end":{"line":101,"column":31}},"29":{"start":{"line":104,"column":4},"end":{"line":128,"column":6}},"30":{"start":{"line":113,"column":58},"end":{"line":113,"column":108}},"31":{"start":{"line":115,"column":50},"end":{"line":115,"column":107}},"32":{"start":{"line":133,"column":13},"end":{"line":140,"column":1}},"33":{"start":{"line":142,"column":16},"end":{"line":146,"column":1}},"34":{"start":{"line":148,"column":24},"end":{"line":151,"column":1}},"35":{"start":{"line":153,"column":15},"end":{"line":159,"column":1}},"36":{"start":{"line":162,"column":14},"end":{"line":169,"column":1}},"37":{"start":{"line":166,"column":35},"end":{"line":166,"column":183}},"38":{"start":{"line":171,"column":14},"end":{"line":175,"column":1}}},"fnMap":{"0":{"name":"(anonymous_0)","decl":{"start":{"line":10,"column":2},"end":{"line":10,"column":3}},"loc":{"start":{"line":10,"column":21},"end":{"line":20,"column":3}},"line":10},"1":{"name":"(anonymous_1)","decl":{"start":{"line":22,"column":2},"end":{"line":22,"column":3}},"loc":{"start":{"line":22,"column":22},"end":{"line":26,"column":3}},"line":22},"2":{"name":"(anonymous_2)","decl":{"start":{"line":30,"column":2},"end":{"line":30,"column":3}},"loc":{"start":{"line":30,"column":19},"end":{"line":43,"column":3}},"line":30},"3":{"name":"(anonymous_3)","decl":{"start":{"line":34,"column":12},"end":{"line":34,"column":13}},"loc":{"start":{"line":34,"column":25},"end":{"line":39,"column":7}},"line":34},"4":{"name":"(anonymous_4)","decl":{"start":{"line":40,"column":13},"end":{"line":40,"column":14}},"loc":{"start":{"line":40,"column":22},"end":{"line":42,"column":7}},"line":40},"5":{"name":"(anonymous_5)","decl":{"start":{"line":45,"column":2},"end":{"line":45,"column":3}},"loc":{"start":{"line":45,"column":20},"end":{"line":58,"column":3}},"line":45},"6":{"name":"(anonymous_6)","decl":{"start":{"line":49,"column":12},"end":{"line":49,"column":13}},"loc":{"start":{"line":49,"column":25},"end":{"line":54,"column":7}},"line":49},"7":{"name":"(anonymous_7)","decl":{"start":{"line":55,"column":13},"end":{"line":55,"column":14}},"loc":{"start":{"line":55,"column":22},"end":{"line":57,"column":7}},"line":55},"8":{"name":"(anonymous_8)","decl":{"start":{"line":60,"column":2},"end":{"line":60,"column":3}},"loc":{"start":{"line":60,"column":21},"end":{"line":73,"column":3}},"line":60},"9":{"name":"(anonymous_9)","decl":{"start":{"line":64,"column":12},"end":{"line":64,"column":13}},"loc":{"start":{"line":64,"column":25},"end":{"line":69,"column":7}},"line":64},"10":{"name":"(anonymous_10)","decl":{"start":{"line":70,"column":13},"end":{"line":70,"column":14}},"loc":{"start":{"line":70,"column":22},"end":{"line":72,"column":7}},"line":70},"11":{"name":"(anonymous_11)","decl":{"start":{"line":78,"column":2},"end":{"line":78,"column":3}},"loc":{"start":{"line":78,"column":16},"end":{"line":82,"column":3}},"line":78},"12":{"name":"(anonymous_12)","decl":{"start":{"line":87,"column":2},"end":{"line":87,"column":3}},"loc":{"start":{"line":87,"column":11},"end":{"line":130,"column":3}},"line":87},"13":{"name":"(anonymous_13)","decl":{"start":{"line":113,"column":51},"end":{"line":113,"column":52}},"loc":{"start":{"line":113,"column":57},"end":{"line":113,"column":109}},"line":113},"14":{"name":"(anonymous_14)","decl":{"start":{"line":115,"column":44},"end":{"line":115,"column":45}},"loc":{"start":{"line":115,"column":50},"end":{"line":115,"column":107}},"line":115},"15":{"name":"(anonymous_15)","decl":{"start":{"line":166,"column":26},"end":{"line":166,"column":27}},"loc":{"start":{"line":166,"column":35},"end":{"line":166,"column":183}},"line":166}},"branchMap":{"0":{"loc":{"start":{"line":90,"column":22},"end":{"line":90,"column":51}},"type":"binary-expr","locations":[{"start":{"line":90,"column":22},"end":{"line":90,"column":29}},{"start":{"line":90,"column":33},"end":{"line":90,"column":51}}],"line":90},"1":{"loc":{"start":{"line":95,"column":4},"end":{"line":102,"column":5}},"type":"if","locations":[{"start":{"line":95,"column":4},"end":{"line":102,"column":5}},{"start":{},"end":{}}],"line":95},"2":{"loc":{"start":{"line":106,"column":9},"end":{"line":107,"column":120}},"type":"binary-expr","locations":[{"start":{"line":106,"column":9},"end":{"line":106,"column":29}},{"start":{"line":107,"column":8},"end":{"line":107,"column":120}}],"line":106},"3":{"loc":{"start":{"line":110,"column":22},"end":{"line":110,"column":91}},"type":"binary-expr","locations":[{"start":{"line":110,"column":22},"end":{"line":110,"column":29}},{"start":{"line":110,"column":33},"end":{"line":110,"column":91}}],"line":110},"4":{"loc":{"start":{"line":112,"column":13},"end":{"line":112,"column":75}},"type":"binary-expr","locations":[{"start":{"line":112,"column":13},"end":{"line":112,"column":26}},{"start":{"line":112,"column":30},"end":{"line":112,"column":75}}],"line":112},"5":{"loc":{"start":{"line":113,"column":13},"end":{"line":113,"column":121}},"type":"binary-expr","locations":[{"start":{"line":113,"column":13},"end":{"line":113,"column":30}},{"start":{"line":113,"column":34},"end":{"line":113,"column":121}}],"line":113},"6":{"loc":{"start":{"line":115,"column":11},"end":{"line":115,"column":118}},"type":"binary-expr","locations":[{"start":{"line":115,"column":11},"end":{"line":115,"column":24}},{"start":{"line":115,"column":28},"end":{"line":115,"column":118}}],"line":115},"7":{"loc":{"start":{"line":121,"column":15},"end":{"line":121,"column":64}},"type":"cond-expr","locations":[{"start":{"line":121,"column":27},"end":{"line":121,"column":42}},{"start":{"line":121,"column":45},"end":{"line":121,"column":64}}],"line":121},"8":{"loc":{"start":{"line":122,"column":15},"end":{"line":122,"column":59}},"type":"cond-expr","locations":[{"start":{"line":122,"column":27},"end":{"line":122,"column":54}},{"start":{"line":122,"column":57},"end":{"line":122,"column":59}}],"line":122},"9":{"loc":{"start":{"line":166,"column":35},"end":{"line":166,"column":183}},"type":"binary-expr","locations":[{"start":{"line":166,"column":35},"end":{"line":166,"column":44}},{"start":{"line":166,"column":48},"end":{"line":166,"column":183}}],"line":166}},"s":{"0":3,"1":3,"2":3,"3":4,"4":4,"5":4,"6":0,"7":0,"8":4,"9":4,"10":0,"11":0,"12":4,"13":4,"14":0,"15":0,"16":0,"17":3,"18":3,"19":3,"20":3,"21":3,"22":3,"23":3,"24":0,"25":0,"26":0,"27":0,"28":0,"29":3,"30":0,"31":0,"32":1,"33":1,"34":1,"35":1,"36":1,"37":0,"38":1},"f":{"0":3,"1":4,"2":4,"3":0,"4":0,"5":4,"6":0,"7":0,"8":4,"9":0,"10":0,"11":0,"12":3,"13":0,"14":0,"15":0},"b":{"0":[3,0],"1":[0,3],"2":[3,0],"3":[3,0],"4":[3,3],"5":[3,3],"6":[3,3],"7":[0,3],"8":[0,3],"9":[0,0]},"_coverageSchema":"1a1c01bbd47fc00a2c39e90264f33305004495a9","hash":"f2e4582d39b20f9146f9a7f47fd906ea6f9fed17"}
,"/Users/ziye/HR/SEI/project-catwalk/client/src/components/RI&C/RPList.jsx": {"path":"/Users/ziye/HR/SEI/project-catwalk/client/src/components/RI&C/RPList.jsx","statementMap":{"0":{"start":{"line":10,"column":4},"end":{"line":10,"column":17}},"1":{"start":{"line":11,"column":4},"end":{"line":17,"column":6}},"2":{"start":{"line":18,"column":4},"end":{"line":18,"column":35}},"3":{"start":{"line":19,"column":4},"end":{"line":19,"column":49}},"4":{"start":{"line":20,"column":4},"end":{"line":20,"column":49}},"5":{"start":{"line":21,"column":4},"end":{"line":21,"column":47}},"6":{"start":{"line":25,"column":4},"end":{"line":26,"column":32}},"7":{"start":{"line":30,"column":4},"end":{"line":33,"column":5}},"8":{"start":{"line":31,"column":6},"end":{"line":31,"column":32}},"9":{"start":{"line":32,"column":6},"end":{"line":32,"column":34}},"10":{"start":{"line":37,"column":13},"end":{"line":37,"column":33}},"11":{"start":{"line":38,"column":4},"end":{"line":46,"column":8}},"12":{"start":{"line":40,"column":8},"end":{"line":42,"column":10}},"13":{"start":{"line":45,"column":8},"end":{"line":45,"column":46}},"14":{"start":{"line":50,"column":15},"end":{"line":50,"column":35}},"15":{"start":{"line":51,"column":4},"end":{"line":60,"column":9}},"16":{"start":{"line":54,"column":8},"end":{"line":56,"column":11}},"17":{"start":{"line":59,"column":8},"end":{"line":59,"column":51}},"18":{"start":{"line":64,"column":4},"end":{"line":64,"column":72}},"19":{"start":{"line":68,"column":4},"end":{"line":68,"column":72}},"20":{"start":{"line":74,"column":4},"end":{"line":82,"column":5}},"21":{"start":{"line":75,"column":26},"end":{"line":75,"column":56}},"22":{"start":{"line":76,"column":21},"end":{"line":76,"column":86}},"23":{"start":{"line":77,"column":5},"end":{"line":81,"column":6}},"24":{"start":{"line":78,"column":7},"end":{"line":78,"column":42}},"25":{"start":{"line":79,"column":12},"end":{"line":81,"column":6}},"26":{"start":{"line":80,"column":6},"end":{"line":80,"column":40}},"27":{"start":{"line":84,"column":4},"end":{"line":88,"column":5}},"28":{"start":{"line":85,"column":6},"end":{"line":85,"column":38}},"29":{"start":{"line":86,"column":11},"end":{"line":88,"column":5}},"30":{"start":{"line":87,"column":6},"end":{"line":87,"column":39}},"31":{"start":{"line":94,"column":20},"end":{"line":94,"column":40}},"32":{"start":{"line":95,"column":27},"end":{"line":95,"column":29}},"33":{"start":{"line":96,"column":4},"end":{"line":100,"column":6}},"34":{"start":{"line":97,"column":6},"end":{"line":99,"column":7}},"35":{"start":{"line":98,"column":8},"end":{"line":98,"column":34}},"36":{"start":{"line":101,"column":4},"end":{"line":114,"column":6}},"37":{"start":{"line":108,"column":10},"end":{"line":108,"column":169}},"38":{"start":{"line":118,"column":14},"end":{"line":121,"column":1}},"39":{"start":{"line":123,"column":22},"end":{"line":128,"column":1}},"40":{"start":{"line":131,"column":31},"end":{"line":140,"column":1}},"41":{"start":{"line":142,"column":24},"end":{"line":145,"column":1}},"42":{"start":{"line":147,"column":18},"end":{"line":159,"column":1}},"43":{"start":{"line":161,"column":19},"end":{"line":163,"column":1}}},"fnMap":{"0":{"name":"(anonymous_0)","decl":{"start":{"line":9,"column":2},"end":{"line":9,"column":3}},"loc":{"start":{"line":9,"column":21},"end":{"line":22,"column":3}},"line":9},"1":{"name":"(anonymous_1)","decl":{"start":{"line":24,"column":2},"end":{"line":24,"column":3}},"loc":{"start":{"line":24,"column":22},"end":{"line":27,"column":3}},"line":24},"2":{"name":"(anonymous_2)","decl":{"start":{"line":29,"column":2},"end":{"line":29,"column":3}},"loc":{"start":{"line":29,"column":32},"end":{"line":34,"column":3}},"line":29},"3":{"name":"(anonymous_3)","decl":{"start":{"line":36,"column":2},"end":{"line":36,"column":3}},"loc":{"start":{"line":36,"column":24},"end":{"line":47,"column":3}},"line":36},"4":{"name":"(anonymous_4)","decl":{"start":{"line":39,"column":12},"end":{"line":39,"column":13}},"loc":{"start":{"line":39,"column":25},"end":{"line":43,"column":7}},"line":39},"5":{"name":"(anonymous_5)","decl":{"start":{"line":44,"column":13},"end":{"line":44,"column":14}},"loc":{"start":{"line":44,"column":22},"end":{"line":46,"column":7}},"line":44},"6":{"name":"(anonymous_6)","decl":{"start":{"line":49,"column":2},"end":{"line":49,"column":3}},"loc":{"start":{"line":49,"column":26},"end":{"line":61,"column":3}},"line":49},"7":{"name":"(anonymous_7)","decl":{"start":{"line":53,"column":12},"end":{"line":53,"column":13}},"loc":{"start":{"line":53,"column":25},"end":{"line":57,"column":7}},"line":53},"8":{"name":"(anonymous_8)","decl":{"start":{"line":58,"column":13},"end":{"line":58,"column":14}},"loc":{"start":{"line":58,"column":22},"end":{"line":60,"column":7}},"line":58},"9":{"name":"(anonymous_9)","decl":{"start":{"line":63,"column":2},"end":{"line":63,"column":3}},"loc":{"start":{"line":63,"column":15},"end":{"line":65,"column":3}},"line":63},"10":{"name":"(anonymous_10)","decl":{"start":{"line":67,"column":2},"end":{"line":67,"column":3}},"loc":{"start":{"line":67,"column":15},"end":{"line":69,"column":3}},"line":67},"11":{"name":"(anonymous_11)","decl":{"start":{"line":72,"column":2},"end":{"line":72,"column":3}},"loc":{"start":{"line":72,"column":14},"end":{"line":89,"column":3}},"line":72},"12":{"name":"(anonymous_12)","decl":{"start":{"line":92,"column":2},"end":{"line":92,"column":3}},"loc":{"start":{"line":92,"column":11},"end":{"line":115,"column":3}},"line":92},"13":{"name":"(anonymous_13)","decl":{"start":{"line":96,"column":40},"end":{"line":96,"column":41}},"loc":{"start":{"line":96,"column":48},"end":{"line":100,"column":5}},"line":96},"14":{"name":"(anonymous_14)","decl":{"start":{"line":107,"column":47},"end":{"line":107,"column":48}},"loc":{"start":{"line":107,"column":58},"end":{"line":109,"column":9}},"line":107}},"branchMap":{"0":{"loc":{"start":{"line":30,"column":4},"end":{"line":33,"column":5}},"type":"if","locations":[{"start":{"line":30,"column":4},"end":{"line":33,"column":5}},{"start":{},"end":{}}],"line":30},"1":{"loc":{"start":{"line":74,"column":4},"end":{"line":82,"column":5}},"type":"if","locations":[{"start":{"line":74,"column":4},"end":{"line":82,"column":5}},{"start":{},"end":{}}],"line":74},"2":{"loc":{"start":{"line":77,"column":5},"end":{"line":81,"column":6}},"type":"if","locations":[{"start":{"line":77,"column":5},"end":{"line":81,"column":6}},{"start":{"line":79,"column":12},"end":{"line":81,"column":6}}],"line":77},"3":{"loc":{"start":{"line":79,"column":12},"end":{"line":81,"column":6}},"type":"if","locations":[{"start":{"line":79,"column":12},"end":{"line":81,"column":6}},{"start":{},"end":{}}],"line":79},"4":{"loc":{"start":{"line":84,"column":4},"end":{"line":88,"column":5}},"type":"if","locations":[{"start":{"line":84,"column":4},"end":{"line":88,"column":5}},{"start":{"line":86,"column":11},"end":{"line":88,"column":5}}],"line":84},"5":{"loc":{"start":{"line":86,"column":11},"end":{"line":88,"column":5}},"type":"if","locations":[{"start":{"line":86,"column":11},"end":{"line":88,"column":5}},{"start":{},"end":{}}],"line":86},"6":{"loc":{"start":{"line":97,"column":6},"end":{"line":99,"column":7}},"type":"if","locations":[{"start":{"line":97,"column":6},"end":{"line":99,"column":7}},{"start":{},"end":{}}],"line":97},"7":{"loc":{"start":{"line":105,"column":26},"end":{"line":105,"column":99}},"type":"binary-expr","locations":[{"start":{"line":105,"column":26},"end":{"line":105,"column":45}},{"start":{"line":105,"column":49},"end":{"line":105,"column":99}}],"line":105},"8":{"loc":{"start":{"line":111,"column":26},"end":{"line":111,"column":102}},"type":"binary-expr","locations":[{"start":{"line":111,"column":26},"end":{"line":111,"column":46}},{"start":{"line":111,"column":50},"end":{"line":111,"column":102}}],"line":111}},"s":{"0":5,"1":5,"2":5,"3":5,"4":5,"5":5,"6":5,"7":1,"8":1,"9":1,"10":6,"11":6,"12":0,"13":0,"14":6,"15":6,"16":0,"17":0,"18":0,"19":0,"20":0,"21":0,"22":0,"23":0,"24":0,"25":0,"26":0,"27":0,"28":0,"29":0,"30":0,"31":6,"32":6,"33":6,"34":0,"35":0,"36":6,"37":0,"38":1,"39":1,"40":1,"41":1,"42":1,"43":1},"f":{"0":5,"1":5,"2":1,"3":6,"4":0,"5":0,"6":6,"7":0,"8":0,"9":0,"10":0,"11":0,"12":6,"13":0,"14":0},"b":{"0":[1,0],"1":[0,0],"2":[0,0],"3":[0,0],"4":[0,0],"5":[0,0],"6":[0,0],"7":[6,0],"8":[6,6]},"_coverageSchema":"1a1c01bbd47fc00a2c39e90264f33305004495a9","hash":"ddfad44dc4bca4b70be016131bbd4f759a428cd9"}
,"/Users/ziye/HR/SEI/project-catwalk/client/src/components/Shared/Bars.jsx": {"path":"/Users/ziye/HR/SEI/project-catwalk/client/src/components/Shared/Bars.jsx","statementMap":{"0":{"start":{"line":3,"column":13},"end":{"line":31,"column":1}},"1":{"start":{"line":4,"column":21},"end":{"line":4,"column":34}},"2":{"start":{"line":7,"column":26},"end":{"line":14,"column":3}},"3":{"start":{"line":16,"column":22},"end":{"line":23,"column":3}},"4":{"start":{"line":25,"column":2},"end":{"line":30,"column":3}}},"fnMap":{"0":{"name":"(anonymous_0)","decl":{"start":{"line":3,"column":13},"end":{"line":3,"column":14}},"loc":{"start":{"line":3,"column":33},"end":{"line":31,"column":1}},"line":3}},"branchMap":{},"s":{"0":1,"1":0,"2":0,"3":0,"4":0},"f":{"0":0},"b":{},"_coverageSchema":"1a1c01bbd47fc00a2c39e90264f33305004495a9","hash":"b297fb6d93bed1f988281c8a0f7771378540e660"}
,"/Users/ziye/HR/SEI/project-catwalk/client/src/components/Shared/Stars.jsx": {"path":"/Users/ziye/HR/SEI/project-catwalk/client/src/components/Shared/Stars.jsx","statementMap":{"0":{"start":{"line":3,"column":14},"end":{"line":31,"column":1}},"1":{"start":{"line":4,"column":21},"end":{"line":4,"column":37}},"2":{"start":{"line":6,"column":25},"end":{"line":8,"column":3}},"3":{"start":{"line":10,"column":20},"end":{"line":16,"column":3}},"4":{"start":{"line":18,"column":25},"end":{"line":23,"column":3}},"5":{"start":{"line":25,"column":2},"end":{"line":30,"column":3}}},"fnMap":{"0":{"name":"(anonymous_0)","decl":{"start":{"line":3,"column":14},"end":{"line":3,"column":15}},"loc":{"start":{"line":3,"column":28},"end":{"line":31,"column":1}},"line":3}},"branchMap":{},"s":{"0":1,"1":0,"2":0,"3":0,"4":0,"5":0},"f":{"0":0},"b":{},"_coverageSchema":"1a1c01bbd47fc00a2c39e90264f33305004495a9","hash":"2440d82a26f83cdb1415cb0bd969b85c39887b5f"}
,"/Users/ziye/HR/SEI/project-catwalk/client/src/components/Shared/dateformatter.js": {"path":"/Users/ziye/HR/SEI/project-catwalk/client/src/components/Shared/dateformatter.js","statementMap":{"0":{"start":{"line":1,"column":22},"end":{"line":11,"column":1}},"1":{"start":{"line":3,"column":17},"end":{"line":3,"column":139}},"2":{"start":{"line":5,"column":15},"end":{"line":5,"column":33}},"3":{"start":{"line":6,"column":16},"end":{"line":6,"column":54}},"4":{"start":{"line":7,"column":15},"end":{"line":7,"column":34}},"5":{"start":{"line":10,"column":4},"end":{"line":10,"column":39}}},"fnMap":{"0":{"name":"(anonymous_0)","decl":{"start":{"line":1,"column":22},"end":{"line":1,"column":23}},"loc":{"start":{"line":1,"column":34},"end":{"line":11,"column":1}},"line":1}},"branchMap":{},"s":{"0":1,"1":0,"2":0,"3":0,"4":0,"5":0},"f":{"0":0},"b":{},"_coverageSchema":"1a1c01bbd47fc00a2c39e90264f33305004495a9","hash":"05502e9ecb19d5f016bd781b27fbe4c0cb7b82d7"}
,"/Users/ziye/HR/SEI/project-catwalk/client/src/components/Shared/reviewhandler.js": {"path":"/Users/ziye/HR/SEI/project-catwalk/client/src/components/Shared/reviewhandler.js","statementMap":{"0":{"start":{"line":1,"column":14},"end":{"line":1,"column":30}},"1":{"start":{"line":6,"column":0},"end":{"line":45,"column":1}},"2":{"start":{"line":9,"column":4},"end":{"line":16,"column":8}},"3":{"start":{"line":11,"column":8},"end":{"line":11,"column":62}},"4":{"start":{"line":12,"column":8},"end":{"line":12,"column":36}},"5":{"start":{"line":15,"column":8},"end":{"line":15,"column":48}},"6":{"start":{"line":20,"column":4},"end":{"line":27,"column":8}},"7":{"start":{"line":22,"column":8},"end":{"line":22,"column":58}},"8":{"start":{"line":23,"column":8},"end":{"line":23,"column":36}},"9":{"start":{"line":26,"column":8},"end":{"line":26,"column":48}},"10":{"start":{"line":35,"column":4},"end":{"line":35,"column":59}},"11":{"start":{"line":36,"column":4},"end":{"line":43,"column":6}},"12":{"start":{"line":38,"column":6},"end":{"line":38,"column":48}},"13":{"start":{"line":39,"column":6},"end":{"line":39,"column":29}},"14":{"start":{"line":42,"column":6},"end":{"line":42,"column":50}}},"fnMap":{"0":{"name":"(anonymous_0)","decl":{"start":{"line":7,"column":7},"end":{"line":7,"column":8}},"loc":{"start":{"line":7,"column":45},"end":{"line":17,"column":3}},"line":7},"1":{"name":"(anonymous_1)","decl":{"start":{"line":10,"column":12},"end":{"line":10,"column":13}},"loc":{"start":{"line":10,"column":30},"end":{"line":13,"column":7}},"line":10},"2":{"name":"(anonymous_2)","decl":{"start":{"line":14,"column":13},"end":{"line":14,"column":14}},"loc":{"start":{"line":14,"column":22},"end":{"line":16,"column":7}},"line":14},"3":{"name":"(anonymous_3)","decl":{"start":{"line":19,"column":11},"end":{"line":19,"column":12}},"loc":{"start":{"line":19,"column":43},"end":{"line":28,"column":3}},"line":19},"4":{"name":"(anonymous_4)","decl":{"start":{"line":21,"column":12},"end":{"line":21,"column":13}},"loc":{"start":{"line":21,"column":30},"end":{"line":24,"column":7}},"line":21},"5":{"name":"(anonymous_5)","decl":{"start":{"line":25,"column":13},"end":{"line":25,"column":14}},"loc":{"start":{"line":25,"column":22},"end":{"line":27,"column":7}},"line":25},"6":{"name":"(anonymous_6)","decl":{"start":{"line":34,"column":10},"end":{"line":34,"column":11}},"loc":{"start":{"line":34,"column":49},"end":{"line":44,"column":3}},"line":34},"7":{"name":"(anonymous_7)","decl":{"start":{"line":37,"column":10},"end":{"line":37,"column":11}},"loc":{"start":{"line":37,"column":28},"end":{"line":40,"column":5}},"line":37},"8":{"name":"(anonymous_8)","decl":{"start":{"line":41,"column":11},"end":{"line":41,"column":12}},"loc":{"start":{"line":41,"column":20},"end":{"line":43,"column":5}},"line":41}},"branchMap":{},"s":{"0":1,"1":1,"2":0,"3":0,"4":0,"5":0,"6":0,"7":0,"8":0,"9":0,"10":0,"11":0,"12":0,"13":0,"14":0},"f":{"0":0,"1":0,"2":0,"3":0,"4":0,"5":0,"6":0,"7":0,"8":0},"b":{},"_coverageSchema":"1a1c01bbd47fc00a2c39e90264f33305004495a9","hash":"4f03094877b30a8b7577efdd9ddab3ecaa309aed"}
}
